<?xml version="1.0" encoding="UTF-8"?>
<robot generator="Robot 7.4.1 (Python 3.12.3 on win32)" generated="2026-02-22T21:44:45.212843" rpa="false" schemaversion="5">
<suite id="s1" name="Tests" source="C:\Users\prasa\PyCharmMiscProject\robot_framework_capstone\tests">
<suite id="s1-s1" name="Tc0 Endtoend Users Flow" source="C:\Users\prasa\PyCharmMiscProject\robot_framework_capstone\tests\tc0_endtoend_users_flow.robot">
<kw name="Open Site" owner="common" type="SETUP">
<kw name="Open Browser" owner="SeleniumLibrary">
<msg time="2026-02-22T21:44:45.717573" level="INFO">Opening browser 'chrome' to base url 'https://ecommerce-playground.lambdatest.io/index.php'.</msg>
<arg>${BASE_URL}</arg>
<arg>${BROWSER}</arg>
<doc>Opens a new browser instance to the optional ``url``.</doc>
<status status="PASS" start="2026-02-22T21:44:45.717573" elapsed="34.935194"/>
</kw>
<kw name="Maximize Browser Window" owner="SeleniumLibrary">
<doc>Maximizes current browser window.</doc>
<status status="PASS" start="2026-02-22T21:45:20.652767" elapsed="0.214942"/>
</kw>
<kw name="Set Selenium Timeout" owner="SeleniumLibrary">
<arg>10s</arg>
<doc>Sets the timeout that is used by various keywords.</doc>
<status status="PASS" start="2026-02-22T21:45:20.868698" elapsed="0.018398"/>
</kw>
<status status="PASS" start="2026-02-22T21:44:45.716396" elapsed="35.170988"/>
</kw>
<test id="s1-s1-t1" name="end to end test for user- Abhi Ram" line="25">
<kw name="end to end flow">
<kw name="Register New User" owner="register_keywords">
<kw name="Go To" owner="SeleniumLibrary">
<msg time="2026-02-22T21:45:20.901200" level="INFO">Opening url 'https://ecommerce-playground.lambdatest.io/index.php'</msg>
<arg>${BASE_URL}</arg>
<doc>Navigates the current browser window to the provided ``url``.</doc>
<status status="PASS" start="2026-02-22T21:45:20.899168" elapsed="3.439143"/>
</kw>
<kw name="Title Should Be" owner="SeleniumLibrary">
<msg time="2026-02-22T21:45:24.347469" level="INFO">Page title is 'Your Store'.</msg>
<arg>Your Store</arg>
<doc>Verifies that the current page title equals ``title``.</doc>
<status status="PASS" start="2026-02-22T21:45:24.339338" elapsed="0.008131"/>
</kw>
<kw name="Page Should Contain" owner="SeleniumLibrary">
<msg time="2026-02-22T21:45:24.380194" level="INFO">Current page contains text 'My account'.</msg>
<arg>My account</arg>
<doc>Verifies that current page contains ``text``.</doc>
<status status="PASS" start="2026-02-22T21:45:24.347469" elapsed="0.032725"/>
</kw>
<kw name="Wait Until Element Is Visible" owner="SeleniumLibrary">
<arg>${MY_ACCOUNT_MENU}</arg>
<doc>Waits until the element ``locator`` is visible.</doc>
<status status="PASS" start="2026-02-22T21:45:24.380194" elapsed="0.032380"/>
</kw>
<kw name="Click Element" owner="SeleniumLibrary">
<msg time="2026-02-22T21:45:24.412574" level="INFO">Clicking element 'xpath=//a[contains(@href,"route=account/account") and contains(@class,"dropdown-toggle")]'.</msg>
<arg>${MY_ACCOUNT_MENU}</arg>
<doc>Click the element identified by ``locator``.</doc>
<status status="PASS" start="2026-02-22T21:45:24.412574" elapsed="3.837738"/>
</kw>
<kw name="Sleep" owner="BuiltIn">
<msg time="2026-02-22T21:45:29.251588" level="INFO">Slept 1 second.</msg>
<arg>1s</arg>
<doc>Pauses the test executed for the given time.</doc>
<status status="PASS" start="2026-02-22T21:45:28.250823" elapsed="1.000765"/>
</kw>
<kw name="Wait Until Element Is Visible" owner="SeleniumLibrary">
<arg>${REGISTER_LINK}</arg>
<doc>Waits until the element ``locator`` is visible.</doc>
<status status="PASS" start="2026-02-22T21:45:29.252097" elapsed="0.020273"/>
</kw>
<kw name="Click Element" owner="SeleniumLibrary">
<msg time="2026-02-22T21:45:29.273369" level="INFO">Clicking element 'xpath=//a[contains(@href,"route=account/register") and contains(text(),"Register")]'.</msg>
<arg>${REGISTER_LINK}</arg>
<doc>Click the element identified by ``locator``.</doc>
<status status="PASS" start="2026-02-22T21:45:29.273369" elapsed="15.845869"/>
</kw>
<kw name="Wait Until Page Contains" owner="SeleniumLibrary">
<arg>Register Account</arg>
<doc>Waits until ``text`` appears on the current page.</doc>
<status status="PASS" start="2026-02-22T21:45:45.119238" elapsed="0.026200"/>
</kw>
<kw name="Location Should Contain" owner="SeleniumLibrary">
<msg time="2026-02-22T21:45:45.154796" level="INFO">Current location contains 'route=account/register'.</msg>
<arg>route=account/register</arg>
<doc>Verifies that the current URL contains ``expected``.</doc>
<status status="PASS" start="2026-02-22T21:45:45.145975" elapsed="0.008821"/>
</kw>
<status status="PASS" start="2026-02-22T21:45:20.898150" elapsed="24.256646"/>
</kw>
<kw name="input firstname" owner="register_keywords">
<kw name="Input Text" owner="SeleniumLibrary">
<msg time="2026-02-22T21:45:45.155327" level="INFO">Typing text 'Abhi' into text field 'id=input-firstname'.</msg>
<arg>${FIRSTNAME_INPUT}</arg>
<arg>${firstname}</arg>
<doc>Types the given ``text`` into the text field identified by ``locator``.</doc>
<status status="PASS" start="2026-02-22T21:45:45.155327" elapsed="0.127709"/>
</kw>
<arg>${firstname}</arg>
<status status="PASS" start="2026-02-22T21:45:45.154796" elapsed="0.128240"/>
</kw>
<kw name="input lastname" owner="register_keywords">
<kw name="Input Text" owner="SeleniumLibrary">
<msg time="2026-02-22T21:45:45.286207" level="INFO">Typing text 'Ram' into text field 'id=input-lastname'.</msg>
<arg>${LASTNAME_INPUT}</arg>
<arg>${lastname}</arg>
<doc>Types the given ``text`` into the text field identified by ``locator``.</doc>
<status status="PASS" start="2026-02-22T21:45:45.285245" elapsed="0.111307"/>
</kw>
<arg>${lastname}</arg>
<status status="PASS" start="2026-02-22T21:45:45.283036" elapsed="0.113516"/>
</kw>
<kw name="input email" owner="register_keywords">
<kw name="Generate Unique Email" owner="email_generator">
<kw name="Generate Random String" owner="String">
<msg time="2026-02-22T21:45:45.398583" level="INFO">${random} = 8876</msg>
<var>${random}</var>
<arg>4</arg>
<arg>0123456789</arg>
<doc>Generates a string with a desired ``length`` from the given ``chars``.</doc>
<status status="PASS" start="2026-02-22T21:45:45.397561" elapsed="0.001022"/>
</kw>
<kw name="Set Variable" owner="BuiltIn">
<msg time="2026-02-22T21:45:45.398583" level="INFO">${email} = test_user_8876@gmail.com</msg>
<var>${email}</var>
<arg>test_user_${random}@gmail.com</arg>
<doc>Returns the given values which can then be assigned to a variables.</doc>
<status status="PASS" start="2026-02-22T21:45:45.398583" elapsed="0.000000"/>
</kw>
<kw name="Set Suite Variable" owner="BuiltIn">
<msg time="2026-02-22T21:45:45.399561" level="INFO">${EMAIL} = test_user_8876@gmail.com</msg>
<arg>${EMAIL}</arg>
<arg>${email}</arg>
<doc>Makes a variable available everywhere within the scope of the current suite.</doc>
<status status="PASS" start="2026-02-22T21:45:45.399561" elapsed="0.000000"/>
</kw>
<kw name="Log To Console" owner="BuiltIn">
<arg>Dynamic Email Generated: ${EMAIL}</arg>
<doc>Logs the given message to the console.</doc>
<status status="PASS" start="2026-02-22T21:45:45.399561" elapsed="0.000999"/>
</kw>
<status status="PASS" start="2026-02-22T21:45:45.397561" elapsed="0.002999"/>
</kw>
<kw name="Log To Console" owner="BuiltIn">
<arg>Registering with Email: ${EMAIL}</arg>
<doc>Logs the given message to the console.</doc>
<status status="PASS" start="2026-02-22T21:45:45.400560" elapsed="0.000000"/>
</kw>
<kw name="Input Text" owner="SeleniumLibrary">
<msg time="2026-02-22T21:45:45.403089" level="INFO">Typing text 'test_user_8876@gmail.com' into text field 'id=input-email'.</msg>
<arg>${EMAIL_INPUT}</arg>
<arg>${EMAIL}</arg>
<doc>Types the given ``text`` into the text field identified by ``locator``.</doc>
<status status="PASS" start="2026-02-22T21:45:45.402071" elapsed="0.139530"/>
</kw>
<status status="PASS" start="2026-02-22T21:45:45.396552" elapsed="0.145049"/>
</kw>
<kw name="input phone" owner="register_keywords">
<kw name="Input Text" owner="SeleniumLibrary">
<msg time="2026-02-22T21:45:45.542604" level="INFO">Typing text '9876543210' into text field 'id=input-telephone'.</msg>
<arg>${PHONE_INPUT}</arg>
<arg>${phone}</arg>
<doc>Types the given ``text`` into the text field identified by ``locator``.</doc>
<status status="PASS" start="2026-02-22T21:45:45.542604" elapsed="0.094181"/>
</kw>
<arg>${phone}</arg>
<status status="PASS" start="2026-02-22T21:45:45.541601" elapsed="0.096194"/>
</kw>
<kw name="input password" owner="register_keywords">
<kw name="Input Text" owner="SeleniumLibrary">
<msg time="2026-02-22T21:45:45.638793" level="INFO">Typing text 'Abhi@123' into text field 'id=input-password'.</msg>
<arg>${PASSWORD_INPUT}</arg>
<arg>${password}</arg>
<doc>Types the given ``text`` into the text field identified by ``locator``.</doc>
<status status="PASS" start="2026-02-22T21:45:45.637795" elapsed="0.081443"/>
</kw>
<kw name="Input Text" owner="SeleniumLibrary">
<msg time="2026-02-22T21:45:45.720240" level="INFO">Typing text 'Abhi@123' into text field 'id=input-confirm'.</msg>
<arg>${CONFIRM_INPUT}</arg>
<arg>${password}</arg>
<doc>Types the given ``text`` into the text field identified by ``locator``.</doc>
<status status="PASS" start="2026-02-22T21:45:45.719238" elapsed="0.106836"/>
</kw>
<kw name="Textfield Value Should Be" owner="SeleniumLibrary">
<msg time="2026-02-22T21:45:45.855610" level="INFO">Content of text field 'id=input-confirm' is 'Abhi@123'.</msg>
<arg>${CONFIRM_INPUT}</arg>
<arg>${password}</arg>
<doc>Verifies text field ``locator`` has exactly text ``expected``.</doc>
<status status="PASS" start="2026-02-22T21:45:45.826074" elapsed="0.029536"/>
</kw>
<arg>${password}</arg>
<status status="PASS" start="2026-02-22T21:45:45.637795" elapsed="0.217815"/>
</kw>
<kw name="click agree" owner="register_keywords">
<kw name="Click Element" owner="SeleniumLibrary">
<msg time="2026-02-22T21:45:45.856715" level="INFO">Clicking element 'xpath=//label[@for="input-agree"]'.</msg>
<arg>${AGREE_LABEL}</arg>
<doc>Click the element identified by ``locator``.</doc>
<status status="PASS" start="2026-02-22T21:45:45.856715" elapsed="0.088452"/>
</kw>
<kw name="Checkbox Should Be Selected" owner="SeleniumLibrary">
<msg time="2026-02-22T21:45:45.945167" level="INFO">Verifying checkbox 'id=input-agree' is selected.</msg>
<arg>id=input-agree</arg>
<doc>Verifies checkbox ``locator`` is selected/checked.</doc>
<status status="PASS" start="2026-02-22T21:45:45.945167" elapsed="0.040718"/>
</kw>
<status status="PASS" start="2026-02-22T21:45:45.856626" elapsed="0.130024"/>
</kw>
<kw name="click continue" owner="register_keywords">
<kw name="Scroll Element Into View" owner="SeleniumLibrary">
<arg>${CONTINUE_BUTTON}</arg>
<doc>Scrolls the element identified by ``locator`` into view.</doc>
<status status="PASS" start="2026-02-22T21:45:45.987667" elapsed="0.294024"/>
</kw>
<kw name="Click Button" owner="SeleniumLibrary">
<msg time="2026-02-22T21:45:46.282743" level="INFO">Clicking button 'css=input.btn.btn-primary[type="submit"][value="Continue"]'.</msg>
<arg>${CONTINUE_BUTTON}</arg>
<doc>Clicks the button identified by ``locator``.</doc>
<status status="PASS" start="2026-02-22T21:45:46.282743" elapsed="14.166096"/>
</kw>
<kw name="Wait Until Element Is Visible" owner="SeleniumLibrary">
<arg>${SUCCESS_TEXT}</arg>
<doc>Waits until the element ``locator`` is visible.</doc>
<status status="PASS" start="2026-02-22T21:46:00.449828" elapsed="0.028455"/>
</kw>
<kw name="Page Should Contain" owner="SeleniumLibrary">
<msg time="2026-02-22T21:46:00.494370" level="INFO">Current page contains text 'Your Account Has Been Created'.</msg>
<arg>Your Account Has Been Created</arg>
<doc>Verifies that current page contains ``text``.</doc>
<status status="PASS" start="2026-02-22T21:46:00.478283" elapsed="0.016087"/>
</kw>
<kw name="Log To Console" owner="BuiltIn">
<arg>Registration Completed Successfully for ${firstname}</arg>
<doc>Logs the given message to the console.</doc>
<status status="PASS" start="2026-02-22T21:46:00.494370" elapsed="0.000533"/>
</kw>
<status status="PASS" start="2026-02-22T21:45:45.986650" elapsed="14.508253"/>
</kw>
<kw name="click logout" owner="register_keywords">
<kw name="Logout User Successfully" owner="logout_keywords">
<kw name="Wait Until Element Is Visible" owner="SeleniumLibrary">
<arg>${MY_ACCOUNT_MENU}</arg>
<doc>Waits until the element ``locator`` is visible.</doc>
<status status="PASS" start="2026-02-22T21:46:00.494903" elapsed="0.027161"/>
</kw>
<kw name="Click Element" owner="SeleniumLibrary">
<msg time="2026-02-22T21:46:00.523144" level="INFO">Clicking element 'xpath=//a[contains(@href,"route=account/account") and contains(@class,"dropdown-toggle")]'.</msg>
<arg>${MY_ACCOUNT_MENU}</arg>
<doc>Click the element identified by ``locator``.</doc>
<status status="PASS" start="2026-02-22T21:46:00.522064" elapsed="6.988615"/>
</kw>
<kw name="Sleep" owner="BuiltIn">
<msg time="2026-02-22T21:46:08.511240" level="INFO">Slept 1 second.</msg>
<arg>1s</arg>
<doc>Pauses the test executed for the given time.</doc>
<status status="PASS" start="2026-02-22T21:46:07.510679" elapsed="1.000561"/>
</kw>
<kw name="Wait Until Element Is Visible" owner="SeleniumLibrary">
<arg>${LOGOUT_LINK}</arg>
<doc>Waits until the element ``locator`` is visible.</doc>
<status status="PASS" start="2026-02-22T21:46:08.511240" elapsed="0.020021"/>
</kw>
<kw name="Element Should Be Visible" owner="SeleniumLibrary">
<msg time="2026-02-22T21:46:08.544200" level="INFO">Element 'xpath=//a[contains(@href,"route=account/logout") and contains(text(),"Logout")]' is displayed.</msg>
<arg>${LOGOUT_LINK}</arg>
<doc>Verifies that the element identified by ``locator`` is visible.</doc>
<status status="PASS" start="2026-02-22T21:46:08.531261" elapsed="0.013447"/>
</kw>
<kw name="Click Element" owner="SeleniumLibrary">
<msg time="2026-02-22T21:46:08.545744" level="INFO">Clicking element 'xpath=//a[contains(@href,"route=account/logout") and contains(text(),"Logout")]'.</msg>
<arg>${LOGOUT_LINK}</arg>
<doc>Click the element identified by ``locator``.</doc>
<status status="PASS" start="2026-02-22T21:46:08.545216" elapsed="6.601780"/>
</kw>
<kw name="Wait Until Element Is Visible" owner="SeleniumLibrary">
<arg>${LOGOUT_TEXT}</arg>
<doc>Waits until the element ``locator`` is visible.</doc>
<status status="PASS" start="2026-02-22T21:46:15.148007" elapsed="0.026455"/>
</kw>
<kw name="Element Should Be Visible" owner="SeleniumLibrary">
<msg time="2026-02-22T21:46:15.193201" level="INFO">Element 'xpath=//h1[contains(text(),"Account Logout")]' is displayed.</msg>
<arg>${LOGOUT_TEXT}</arg>
<doc>Verifies that the element identified by ``locator`` is visible.</doc>
<status status="PASS" start="2026-02-22T21:46:15.174462" elapsed="0.018739"/>
</kw>
<kw name="Page Should Contain" owner="SeleniumLibrary">
<msg time="2026-02-22T21:46:15.212697" level="INFO">Current page contains text 'Account Logout'.</msg>
<arg>Account Logout</arg>
<doc>Verifies that current page contains ``text``.</doc>
<status status="PASS" start="2026-02-22T21:46:15.193201" elapsed="0.019496"/>
</kw>
<kw name="Location Should Contain" owner="SeleniumLibrary">
<msg time="2026-02-22T21:46:15.219718" level="INFO">Current location contains 'route=account/logout'.</msg>
<arg>route=account/logout</arg>
<doc>Verifies that the current URL contains ``expected``.</doc>
<status status="PASS" start="2026-02-22T21:46:15.212697" elapsed="0.007021"/>
</kw>
<kw name="Log To Console" owner="BuiltIn">
<arg>Logout Completed Successfully</arg>
<doc>Logs the given message to the console.</doc>
<status status="PASS" start="2026-02-22T21:46:15.220722" elapsed="0.000000"/>
</kw>
<status status="PASS" start="2026-02-22T21:46:00.494903" elapsed="14.725819"/>
</kw>
<status status="PASS" start="2026-02-22T21:46:00.494903" elapsed="14.725819"/>
</kw>
<kw name="Login User Successfully" owner="login_keywords">
<kw name="Go To" owner="SeleniumLibrary">
<msg time="2026-02-22T21:46:15.221719" level="INFO">Opening url 'https://ecommerce-playground.lambdatest.io/index.php'</msg>
<arg>${BASE_URL}</arg>
<doc>Navigates the current browser window to the provided ``url``.</doc>
<status status="PASS" start="2026-02-22T21:46:15.221719" elapsed="1.286067"/>
</kw>
<kw name="Page Should Contain" owner="SeleniumLibrary">
<msg time="2026-02-22T21:46:16.646716" level="INFO">Current page contains text 'My account'.</msg>
<arg>My account</arg>
<doc>Verifies that current page contains ``text``.</doc>
<status status="PASS" start="2026-02-22T21:46:16.508799" elapsed="0.139010"/>
</kw>
<kw name="Wait Until Element Is Visible" owner="SeleniumLibrary">
<arg>${MY_ACCOUNT_MENU}</arg>
<doc>Waits until the element ``locator`` is visible.</doc>
<status status="PASS" start="2026-02-22T21:46:16.647809" elapsed="0.016291"/>
</kw>
<kw name="Click Element" owner="SeleniumLibrary">
<msg time="2026-02-22T21:46:16.664100" level="INFO">Clicking element 'xpath=//a[contains(@href,"route=account/account") and contains(@class,"dropdown-toggle")]'.</msg>
<arg>${MY_ACCOUNT_MENU}</arg>
<doc>Click the element identified by ``locator``.</doc>
<status status="PASS" start="2026-02-22T21:46:16.664100" elapsed="1.917882"/>
</kw>
<kw name="Sleep" owner="BuiltIn">
<msg time="2026-02-22T21:46:19.583125" level="INFO">Slept 1 second.</msg>
<arg>1s</arg>
<doc>Pauses the test executed for the given time.</doc>
<status status="PASS" start="2026-02-22T21:46:18.581982" elapsed="1.001143"/>
</kw>
<kw name="Wait Until Element Is Visible" owner="SeleniumLibrary">
<arg>${LOGIN_LINK}</arg>
<doc>Waits until the element ``locator`` is visible.</doc>
<status status="PASS" start="2026-02-22T21:46:19.583125" elapsed="0.021565"/>
</kw>
<kw name="Click Element" owner="SeleniumLibrary">
<msg time="2026-02-22T21:46:19.604690" level="INFO">Clicking element 'xpath=//a[contains(@href,"route=account/login") and contains(text(),"Login")]'.</msg>
<arg>${LOGIN_LINK}</arg>
<doc>Click the element identified by ``locator``.</doc>
<status status="PASS" start="2026-02-22T21:46:19.604690" elapsed="0.816397"/>
</kw>
<kw name="Wait Until Page Contains" owner="SeleniumLibrary">
<arg>Account Login</arg>
<doc>Waits until ``text`` appears on the current page.</doc>
<status status="PASS" start="2026-02-22T21:46:20.421087" elapsed="0.017826"/>
</kw>
<kw name="Location Should Contain" owner="SeleniumLibrary">
<msg time="2026-02-22T21:46:20.446497" level="INFO">Current location contains 'route=account/login'.</msg>
<arg>route=account/login</arg>
<doc>Verifies that the current URL contains ``expected``.</doc>
<status status="PASS" start="2026-02-22T21:46:20.438913" elapsed="0.007584"/>
</kw>
<kw name="Log To Console" owner="BuiltIn">
<arg>Logging in with Email: ${EMAIL}</arg>
<doc>Logs the given message to the console.</doc>
<status status="PASS" start="2026-02-22T21:46:20.447520" elapsed="0.000993"/>
</kw>
<kw name="Input Text" owner="SeleniumLibrary">
<msg time="2026-02-22T21:46:20.449521" level="INFO">Typing text 'test_user_8876@gmail.com' into text field 'id=input-email'.</msg>
<arg>${EMAIL_INPUT}</arg>
<arg>${EMAIL}</arg>
<doc>Types the given ``text`` into the text field identified by ``locator``.</doc>
<status status="PASS" start="2026-02-22T21:46:20.449521" elapsed="0.167373"/>
</kw>
<kw name="Input Text" owner="SeleniumLibrary">
<msg time="2026-02-22T21:46:20.617897" level="INFO">Typing text 'Abhi@123' into text field 'id=input-password'.</msg>
<arg>${PASSWORD_INPUT}</arg>
<arg>${password}</arg>
<doc>Types the given ``text`` into the text field identified by ``locator``.</doc>
<status status="PASS" start="2026-02-22T21:46:20.616894" elapsed="0.103790"/>
</kw>
<kw name="Click Button" owner="SeleniumLibrary">
<msg time="2026-02-22T21:46:20.720684" level="INFO">Clicking button 'css=input.btn.btn-primary[value="Login"]'.</msg>
<arg>${LOGIN_BUTTON}</arg>
<doc>Clicks the button identified by ``locator``.</doc>
<status status="PASS" start="2026-02-22T21:46:20.720684" elapsed="1.285176"/>
</kw>
<kw name="Wait Until Page Contains" owner="SeleniumLibrary">
<arg>My Account</arg>
<doc>Waits until ``text`` appears on the current page.</doc>
<status status="PASS" start="2026-02-22T21:46:22.007373" elapsed="0.018701"/>
</kw>
<kw name="Wait Until Element Is Visible" owner="SeleniumLibrary">
<arg>${MY_ACCOUNT_HEADING}</arg>
<doc>Waits until the element ``locator`` is visible.</doc>
<status status="PASS" start="2026-02-22T21:46:22.026580" elapsed="0.030778"/>
</kw>
<kw name="Page Should Contain" owner="SeleniumLibrary">
<msg time="2026-02-22T21:46:22.074542" level="INFO">Current page contains text 'My Account'.</msg>
<arg>My Account</arg>
<doc>Verifies that current page contains ``text``.</doc>
<status status="PASS" start="2026-02-22T21:46:22.058428" elapsed="0.016114"/>
</kw>
<kw name="Location Should Contain" owner="SeleniumLibrary">
<msg time="2026-02-22T21:46:22.082741" level="INFO">Current location contains 'route=account/account'.</msg>
<arg>route=account/account</arg>
<doc>Verifies that the current URL contains ``expected``.</doc>
<status status="PASS" start="2026-02-22T21:46:22.075064" elapsed="0.007677"/>
</kw>
<kw name="Log To Console" owner="BuiltIn">
<arg>Login Successful After Logout</arg>
<doc>Logs the given message to the console.</doc>
<status status="PASS" start="2026-02-22T21:46:22.082741" elapsed="0.001505"/>
</kw>
<arg>${password}</arg>
<status status="PASS" start="2026-02-22T21:46:15.220722" elapsed="6.863524"/>
</kw>
<kw name="Search Products" owner="search_keywords">
<kw name="Go To" owner="SeleniumLibrary">
<msg time="2026-02-22T21:46:22.085781" level="INFO">Opening url 'https://ecommerce-playground.lambdatest.io/index.php'</msg>
<arg>${BASE_URL}</arg>
<doc>Navigates the current browser window to the provided ``url``.</doc>
<status status="PASS" start="2026-02-22T21:46:22.084768" elapsed="1.281050"/>
</kw>
<kw name="Location Should Contain" owner="SeleniumLibrary">
<msg time="2026-02-22T21:46:23.489976" level="INFO">Current location contains 'index.php'.</msg>
<arg>index.php</arg>
<doc>Verifies that the current URL contains ``expected``.</doc>
<status status="PASS" start="2026-02-22T21:46:23.365818" elapsed="0.124158"/>
</kw>
<kw name="Page Should Contain" owner="SeleniumLibrary">
<msg time="2026-02-22T21:46:23.517023" level="INFO">Current page contains text 'Search'.</msg>
<arg>Search</arg>
<doc>Verifies that current page contains ``text``.</doc>
<status status="PASS" start="2026-02-22T21:46:23.490983" elapsed="0.026040"/>
</kw>
<kw name="Wait Until Element Is Visible" owner="SeleniumLibrary">
<arg>${SEARCH_BOX}</arg>
<doc>Waits until the element ``locator`` is visible.</doc>
<status status="PASS" start="2026-02-22T21:46:23.517023" elapsed="0.021572"/>
</kw>
<kw name="Element Should Be Visible" owner="SeleniumLibrary">
<msg time="2026-02-22T21:46:23.554700" level="INFO">Element 'name=search' is displayed.</msg>
<arg>${SEARCH_BOX}</arg>
<doc>Verifies that the element identified by ``locator`` is visible.</doc>
<status status="PASS" start="2026-02-22T21:46:23.539604" elapsed="0.015096"/>
</kw>
<kw name="Element Should Be Enabled" owner="SeleniumLibrary">
<arg>${SEARCH_BOX}</arg>
<doc>Verifies that element identified by ``locator`` is enabled.</doc>
<status status="PASS" start="2026-02-22T21:46:23.554700" elapsed="0.022520"/>
</kw>
<status status="PASS" start="2026-02-22T21:46:22.084768" elapsed="1.492452"/>
</kw>
<kw name="input search" owner="search_keywords">
<kw name="Clear Element Text" owner="SeleniumLibrary">
<arg>${SEARCH_BOX}</arg>
<doc>Clears the value of the text-input-element identified by ``locator``.</doc>
<status status="PASS" start="2026-02-22T21:46:23.578310" elapsed="0.027284"/>
</kw>
<kw name="Input Text" owner="SeleniumLibrary">
<msg time="2026-02-22T21:46:23.607143" level="INFO">Typing text 'HP' into text field 'name=search'.</msg>
<arg>${SEARCH_BOX}</arg>
<arg>${product}</arg>
<doc>Types the given ``text`` into the text field identified by ``locator``.</doc>
<status status="PASS" start="2026-02-22T21:46:23.605594" elapsed="0.086226"/>
</kw>
<kw name="Textfield Value Should Be" owner="SeleniumLibrary">
<msg time="2026-02-22T21:46:23.734572" level="INFO">Content of text field 'name=search' is 'HP'.</msg>
<arg>${SEARCH_BOX}</arg>
<arg>${product}</arg>
<doc>Verifies text field ``locator`` has exactly text ``expected``.</doc>
<status status="PASS" start="2026-02-22T21:46:23.691820" elapsed="0.042752"/>
</kw>
<arg>${product}</arg>
<status status="PASS" start="2026-02-22T21:46:23.577220" elapsed="0.157352"/>
</kw>
<kw name="input enter" owner="search_keywords">
<kw name="Press Keys" owner="SeleniumLibrary">
<msg time="2026-02-22T21:46:23.735585" level="INFO">Sending key(s) ('ENTER',) to name=search element.</msg>
<msg time="2026-02-22T21:46:24.030748" level="INFO">Pressing special key ENTER to element.</msg>
<msg time="2026-02-22T21:46:24.030748" level="INFO">Releasing special key ENTER.</msg>
<arg>${SEARCH_BOX}</arg>
<arg>ENTER</arg>
<doc>Simulates the user pressing key(s) to an element or on the active browser.</doc>
<status status="PASS" start="2026-02-22T21:46:23.735585" elapsed="0.300923"/>
</kw>
<kw name="Sleep" owner="BuiltIn">
<msg time="2026-02-22T21:46:27.037933" level="INFO">Slept 3 seconds.</msg>
<arg>3s</arg>
<doc>Pauses the test executed for the given time.</doc>
<status status="PASS" start="2026-02-22T21:46:24.037508" elapsed="3.000425"/>
</kw>
<status status="PASS" start="2026-02-22T21:46:23.735585" elapsed="3.302348"/>
</kw>
<kw name="validation" owner="search_keywords">
<kw name="Wait Until Page Contains" owner="SeleniumLibrary">
<arg>Search</arg>
<doc>Waits until ``text`` appears on the current page.</doc>
<status status="PASS" start="2026-02-22T21:46:27.038525" elapsed="4.437103"/>
</kw>
<kw name="Page Should Contain Element" owner="SeleniumLibrary">
<msg time="2026-02-22T21:46:31.500486" level="INFO">Current page contains element 'xpath=(//div[contains(@class,"product-thumb")]//h4/a)[1]'.</msg>
<arg>${FIRST_PRODUCT}</arg>
<doc>Verifies that element ``locator`` is found on the current page.</doc>
<status status="PASS" start="2026-02-22T21:46:31.477175" elapsed="0.023311"/>
</kw>
<kw name="Page Should Contain" owner="SeleniumLibrary">
<msg time="2026-02-22T21:46:31.521403" level="INFO">Current page contains text 'HP'.</msg>
<arg>${PRODUCT_NAME}</arg>
<doc>Verifies that current page contains ``text``.</doc>
<status status="PASS" start="2026-02-22T21:46:31.500486" elapsed="0.020917"/>
</kw>
<kw name="Log To Console" owner="BuiltIn">
<arg>Product Search Completed Successfully!</arg>
<doc>Logs the given message to the console.</doc>
<status status="PASS" start="2026-02-22T21:46:31.521403" elapsed="0.001001"/>
</kw>
<status status="PASS" start="2026-02-22T21:46:27.038525" elapsed="4.483879"/>
</kw>
<kw name="Open First Product Details" owner="product_keywords">
<kw name="Wait Until Element Is Visible" owner="SeleniumLibrary">
<arg>${FIRST_PRODUCT}</arg>
<doc>Waits until the element ``locator`` is visible.</doc>
<status status="PASS" start="2026-02-22T21:46:31.522404" elapsed="0.024815"/>
</kw>
<kw name="Element Should Be Visible" owner="SeleniumLibrary">
<msg time="2026-02-22T21:46:31.565839" level="INFO">Element 'xpath=(//div[contains(@class,"product-thumb")]//h4/a)[1]' is displayed.</msg>
<arg>${FIRST_PRODUCT}</arg>
<doc>Verifies that the element identified by ``locator`` is visible.</doc>
<status status="PASS" start="2026-02-22T21:46:31.548231" elapsed="0.017608"/>
</kw>
<kw name="Element Should Be Enabled" owner="SeleniumLibrary">
<arg>${FIRST_PRODUCT}</arg>
<doc>Verifies that element identified by ``locator`` is enabled.</doc>
<status status="PASS" start="2026-02-22T21:46:31.565839" elapsed="0.031707"/>
</kw>
<kw name="Click Element" owner="SeleniumLibrary">
<msg time="2026-02-22T21:46:31.598545" level="INFO">Clicking element 'xpath=(//div[contains(@class,"product-thumb")]//h4/a)[1]'.</msg>
<arg>${FIRST_PRODUCT}</arg>
<doc>Click the element identified by ``locator``.</doc>
<status status="PASS" start="2026-02-22T21:46:31.598545" elapsed="30.863371"/>
</kw>
<kw name="Location Should Contain" owner="SeleniumLibrary">
<msg time="2026-02-22T21:47:02.470981" level="INFO">Current location contains 'route=product'.</msg>
<arg>route=product</arg>
<doc>Verifies that the current URL contains ``expected``.</doc>
<status status="PASS" start="2026-02-22T21:47:02.463435" elapsed="0.008524"/>
</kw>
<kw name="Wait Until Element Is Visible" owner="SeleniumLibrary">
<arg>${PRODUCT_TITLE}</arg>
<doc>Waits until the element ``locator`` is visible.</doc>
<status status="PASS" start="2026-02-22T21:47:02.471959" elapsed="0.024934"/>
</kw>
<kw name="Element Should Be Visible" owner="SeleniumLibrary">
<msg time="2026-02-22T21:47:02.513721" level="INFO">Element 'css=h1' is displayed.</msg>
<arg>${PRODUCT_TITLE}</arg>
<doc>Verifies that the element identified by ``locator`` is visible.</doc>
<status status="PASS" start="2026-02-22T21:47:02.496893" elapsed="0.016828"/>
</kw>
<kw name="Get Text" owner="SeleniumLibrary">
<msg time="2026-02-22T21:47:02.532368" level="INFO">${title} = HP LP3065</msg>
<var>${title}</var>
<arg>${PRODUCT_TITLE}</arg>
<doc>Returns the text value of the element identified by ``locator``.</doc>
<status status="PASS" start="2026-02-22T21:47:02.513721" elapsed="0.018647"/>
</kw>
<kw name="Should Not Be Empty" owner="BuiltIn">
<msg time="2026-02-22T21:47:02.533396" level="INFO">Length is 9.</msg>
<arg>${title}</arg>
<doc>Verifies that the given item is not empty.</doc>
<status status="PASS" start="2026-02-22T21:47:02.532368" elapsed="0.001028"/>
</kw>
<kw name="Log To Console" owner="BuiltIn">
<arg>Product Details Page Opened Successfully!</arg>
<doc>Logs the given message to the console.</doc>
<status status="PASS" start="2026-02-22T21:47:02.533913" elapsed="0.000508"/>
</kw>
<kw name="Log To Console" owner="BuiltIn">
<arg>Opened Product: ${title}</arg>
<doc>Logs the given message to the console.</doc>
<status status="PASS" start="2026-02-22T21:47:02.534421" elapsed="0.001275"/>
</kw>
<kw name="Element Should Be Visible" owner="SeleniumLibrary">
<msg time="2026-02-22T21:47:02.574252" level="INFO">Element 'css=div#entry_216842 button[title='Add to Cart']' is displayed.</msg>
<arg>${ADD_TO_CART}</arg>
<doc>Verifies that the element identified by ``locator`` is visible.</doc>
<status status="PASS" start="2026-02-22T21:47:02.535696" elapsed="0.038556"/>
</kw>
<status status="PASS" start="2026-02-22T21:46:31.522404" elapsed="31.051848"/>
</kw>
<kw name="Add Product To Cart And Validate Success" owner="cart_keywords">
<kw name="Run Keyword And Return Status" owner="BuiltIn">
<kw name="Wait Until Element Is Visible" owner="SeleniumLibrary">
<arg>${ADD_TO_CART}</arg>
<arg>5s</arg>
<doc>Waits until the element ``locator`` is visible.</doc>
<status status="PASS" start="2026-02-22T21:47:02.576790" elapsed="0.053221"/>
</kw>
<msg time="2026-02-22T21:47:02.631019" level="INFO">${present} = True</msg>
<var>${present}</var>
<arg>Wait Until Element Is Visible</arg>
<arg>${ADD_TO_CART}</arg>
<arg>5s</arg>
<doc>Runs the specified keyword and returns the status as a Boolean value.</doc>
<status status="PASS" start="2026-02-22T21:47:02.575778" elapsed="0.055241"/>
</kw>
<if>
<branch type="IF" condition="not ${present}">
<kw name="Log To Console" owner="BuiltIn">
<arg>❌ Add To Cart not found (Out of Stock). Skipping...</arg>
<doc>Logs the given message to the console.</doc>
<status status="NOT RUN" start="2026-02-22T21:47:02.631759" elapsed="0.000000"/>
</kw>
<kw name="Return From Keyword" owner="BuiltIn">
<doc>Returns from the enclosing user keyword.</doc>
<status status="NOT RUN" start="2026-02-22T21:47:02.631759" elapsed="0.000000"/>
</kw>
<status status="NOT RUN" start="2026-02-22T21:47:02.631254" elapsed="0.000505"/>
</branch>
<status status="PASS" start="2026-02-22T21:47:02.631254" elapsed="0.000505"/>
</if>
<kw name="Scroll Element Into View" owner="SeleniumLibrary">
<arg>${ADD_TO_CART}</arg>
<doc>Scrolls the element identified by ``locator`` into view.</doc>
<status status="PASS" start="2026-02-22T21:47:02.631759" elapsed="0.280161"/>
</kw>
<kw name="Run Keyword And Return Status" owner="BuiltIn">
<kw name="Element Should Be Enabled" owner="SeleniumLibrary">
<arg>${ADD_TO_CART}</arg>
<doc>Verifies that element identified by ``locator`` is enabled.</doc>
<status status="PASS" start="2026-02-22T21:47:02.911920" elapsed="0.022329"/>
</kw>
<msg time="2026-02-22T21:47:02.934249" level="INFO">${enabled} = True</msg>
<var>${enabled}</var>
<arg>Element Should Be Enabled</arg>
<arg>${ADD_TO_CART}</arg>
<doc>Runs the specified keyword and returns the status as a Boolean value.</doc>
<status status="PASS" start="2026-02-22T21:47:02.911920" elapsed="0.022329"/>
</kw>
<if>
<branch type="IF" condition="not ${enabled}">
<kw name="Log To Console" owner="BuiltIn">
<arg>⚠️ Product Out of Stock (Button Disabled). Skipping Add To Cart...</arg>
<doc>Logs the given message to the console.</doc>
<status status="NOT RUN" start="2026-02-22T21:47:02.934783" elapsed="0.000000"/>
</kw>
<kw name="Return From Keyword" owner="BuiltIn">
<doc>Returns from the enclosing user keyword.</doc>
<status status="NOT RUN" start="2026-02-22T21:47:02.934783" elapsed="0.000000"/>
</kw>
<status status="NOT RUN" start="2026-02-22T21:47:02.934783" elapsed="0.000582"/>
</branch>
<status status="PASS" start="2026-02-22T21:47:02.934783" elapsed="0.000582"/>
</if>
<kw name="Click Element" owner="SeleniumLibrary">
<msg time="2026-02-22T21:47:02.935365" level="INFO">Clicking element 'css=div#entry_216842 button[title='Add to Cart']'.</msg>
<arg>${ADD_TO_CART}</arg>
<doc>Click the element identified by ``locator``.</doc>
<status status="PASS" start="2026-02-22T21:47:02.935365" elapsed="0.064950"/>
</kw>
<kw name="Sleep" owner="BuiltIn">
<msg time="2026-02-22T21:47:06.002268" level="INFO">Slept 3 seconds.</msg>
<arg>3s</arg>
<doc>Pauses the test executed for the given time.</doc>
<status status="PASS" start="2026-02-22T21:47:03.001317" elapsed="3.000951"/>
</kw>
<kw name="Run Keyword And Return Status" owner="BuiltIn">
<kw name="Wait Until Element Is Visible" owner="SeleniumLibrary">
<arg>${CART_SUCCESS_MSG}</arg>
<arg>5s</arg>
<doc>Waits until the element ``locator`` is visible.</doc>
<status status="PASS" start="2026-02-22T21:47:06.002774" elapsed="0.021031"/>
</kw>
<msg time="2026-02-22T21:47:06.023805" level="INFO">${success} = True</msg>
<var>${success}</var>
<arg>Wait Until Element Is Visible</arg>
<arg>${CART_SUCCESS_MSG}</arg>
<arg>5s</arg>
<doc>Runs the specified keyword and returns the status as a Boolean value.</doc>
<status status="PASS" start="2026-02-22T21:47:06.002268" elapsed="0.021537"/>
</kw>
<if>
<branch type="IF" condition="not ${success}">
<kw name="Log To Console" owner="BuiltIn">
<arg>⚠️ No success message appeared. Product may not be added.</arg>
<doc>Logs the given message to the console.</doc>
<status status="NOT RUN" start="2026-02-22T21:47:06.024329" elapsed="0.000000"/>
</kw>
<kw name="Return From Keyword" owner="BuiltIn">
<doc>Returns from the enclosing user keyword.</doc>
<status status="NOT RUN" start="2026-02-22T21:47:06.024329" elapsed="0.000000"/>
</kw>
<status status="NOT RUN" start="2026-02-22T21:47:06.023805" elapsed="0.000524"/>
</branch>
<status status="PASS" start="2026-02-22T21:47:06.023805" elapsed="0.000524"/>
</if>
<kw name="Log To Console" owner="BuiltIn">
<arg>✅ Product Added To Cart Successfully!</arg>
<doc>Logs the given message to the console.</doc>
<status status="PASS" start="2026-02-22T21:47:06.024846" elapsed="0.000106"/>
</kw>
<kw name="Wait Until Element Is Visible" owner="SeleniumLibrary">
<arg>${VIEW_CART_BTN}</arg>
<doc>Waits until the element ``locator`` is visible.</doc>
<status status="PASS" start="2026-02-22T21:47:06.025360" elapsed="0.018793"/>
</kw>
<kw name="Element Should Be Visible" owner="SeleniumLibrary">
<msg time="2026-02-22T21:47:06.065475" level="INFO">Element 'xpath=//a[normalize-space()="View Cart"]' is displayed.</msg>
<arg>${VIEW_CART_BTN}</arg>
<doc>Verifies that the element identified by ``locator`` is visible.</doc>
<status status="PASS" start="2026-02-22T21:47:06.044153" elapsed="0.021322"/>
</kw>
<status status="PASS" start="2026-02-22T21:47:02.575778" elapsed="3.489697"/>
</kw>
<kw name="Update Cart Quantity And Remove Item" owner="cart_update_remove_keywords">
<kw name="Run Keyword And Return Status" owner="BuiltIn">
<kw name="Wait Until Element Is Visible" owner="SeleniumLibrary">
<arg>${VIEW_CART_BTN}</arg>
<arg>5s</arg>
<doc>Waits until the element ``locator`` is visible.</doc>
<status status="PASS" start="2026-02-22T21:47:06.067607" elapsed="0.020172"/>
</kw>
<msg time="2026-02-22T21:47:06.087779" level="INFO">${cart_visible} = True</msg>
<var>${cart_visible}</var>
<arg>Wait Until Element Is Visible</arg>
<arg>${VIEW_CART_BTN}</arg>
<arg>5s</arg>
<doc>Runs the specified keyword and returns the status as a Boolean value.</doc>
<status status="PASS" start="2026-02-22T21:47:06.066603" elapsed="0.021176"/>
</kw>
<if>
<branch type="IF" condition="not ${cart_visible}">
<kw name="Log To Console" owner="BuiltIn">
<arg>⚠️ View Cart button not available. Cart may be empty. Skipping Update/Remove...</arg>
<doc>Logs the given message to the console.</doc>
<status status="NOT RUN" start="2026-02-22T21:47:06.088779" elapsed="0.000000"/>
</kw>
<kw name="Return From Keyword" owner="BuiltIn">
<doc>Returns from the enclosing user keyword.</doc>
<status status="NOT RUN" start="2026-02-22T21:47:06.088779" elapsed="0.000000"/>
</kw>
<status status="NOT RUN" start="2026-02-22T21:47:06.087779" elapsed="0.001000"/>
</branch>
<status status="PASS" start="2026-02-22T21:47:06.087779" elapsed="0.001000"/>
</if>
<kw name="Click Element" owner="SeleniumLibrary">
<msg time="2026-02-22T21:47:06.088779" level="INFO">Clicking element 'xpath=//a[normalize-space()="View Cart"]'.</msg>
<arg>${VIEW_CART_BTN}</arg>
<doc>Click the element identified by ``locator``.</doc>
<status status="PASS" start="2026-02-22T21:47:06.088779" elapsed="10.433359"/>
</kw>
<kw name="Wait Until Element Is Visible" owner="SeleniumLibrary">
<arg>${CART_HEADING}</arg>
<arg>5s</arg>
<doc>Waits until the element ``locator`` is visible.</doc>
<status status="PASS" start="2026-02-22T21:47:16.522138" elapsed="0.026652"/>
</kw>
<kw name="Log To Console" owner="BuiltIn">
<arg>✅ Shopping Cart Page Opened</arg>
<doc>Logs the given message to the console.</doc>
<status status="PASS" start="2026-02-22T21:47:16.548790" elapsed="0.000000"/>
</kw>
<kw name="Run Keyword And Return Status" owner="BuiltIn">
<kw name="Wait Until Element Is Visible" owner="SeleniumLibrary">
<arg>${QTY_BOX}</arg>
<arg>5s</arg>
<doc>Waits until the element ``locator`` is visible.</doc>
<status status="PASS" start="2026-02-22T21:47:16.549927" elapsed="0.034336"/>
</kw>
<msg time="2026-02-22T21:47:16.584263" level="INFO">${qty_present} = True</msg>
<var>${qty_present}</var>
<arg>Wait Until Element Is Visible</arg>
<arg>${QTY_BOX}</arg>
<arg>5s</arg>
<doc>Runs the specified keyword and returns the status as a Boolean value.</doc>
<status status="PASS" start="2026-02-22T21:47:16.548790" elapsed="0.035473"/>
</kw>
<if>
<branch type="IF" condition="not ${qty_present}">
<kw name="Log To Console" owner="BuiltIn">
<arg>⚠️ No items found in cart. Skipping update/remove...</arg>
<doc>Logs the given message to the console.</doc>
<status status="NOT RUN" start="2026-02-22T21:47:16.584775" elapsed="0.000000"/>
</kw>
<kw name="Return From Keyword" owner="BuiltIn">
<doc>Returns from the enclosing user keyword.</doc>
<status status="NOT RUN" start="2026-02-22T21:47:16.584775" elapsed="0.000000"/>
</kw>
<status status="NOT RUN" start="2026-02-22T21:47:16.584775" elapsed="0.000000"/>
</branch>
<status status="PASS" start="2026-02-22T21:47:16.584775" elapsed="0.000000"/>
</if>
<kw name="Clear Element Text" owner="SeleniumLibrary">
<arg>${QTY_BOX}</arg>
<doc>Clears the value of the text-input-element identified by ``locator``.</doc>
<status status="PASS" start="2026-02-22T21:47:16.584775" elapsed="0.050286"/>
</kw>
<kw name="Input Text" owner="SeleniumLibrary">
<msg time="2026-02-22T21:47:16.635587" level="INFO">Typing text '2' into text field 'xpath=//input[contains(@name,"quantity")]'.</msg>
<arg>${QTY_BOX}</arg>
<arg>2</arg>
<doc>Types the given ``text`` into the text field identified by ``locator``.</doc>
<status status="PASS" start="2026-02-22T21:47:16.635061" elapsed="0.105555"/>
</kw>
<kw name="Textfield Value Should Be" owner="SeleniumLibrary">
<msg time="2026-02-22T21:47:16.775429" level="INFO">Content of text field 'xpath=//input[contains(@name,"quantity")]' is '2'.</msg>
<arg>${QTY_BOX}</arg>
<arg>2</arg>
<doc>Verifies text field ``locator`` has exactly text ``expected``.</doc>
<status status="PASS" start="2026-02-22T21:47:16.741617" elapsed="0.033812"/>
</kw>
<kw name="Run Keyword And Return Status" owner="BuiltIn">
<kw name="Element Should Be Enabled" owner="SeleniumLibrary">
<arg>${UPDATE_BTN}</arg>
<doc>Verifies that element identified by ``locator`` is enabled.</doc>
<status status="PASS" start="2026-02-22T21:47:16.775812" elapsed="0.026173"/>
</kw>
<msg time="2026-02-22T21:47:16.801985" level="INFO">${update_enabled} = True</msg>
<var>${update_enabled}</var>
<arg>Element Should Be Enabled</arg>
<arg>${UPDATE_BTN}</arg>
<doc>Runs the specified keyword and returns the status as a Boolean value.</doc>
<status status="PASS" start="2026-02-22T21:47:16.775812" elapsed="0.026173"/>
</kw>
<if>
<branch type="IF" condition="not ${update_enabled}">
<kw name="Log To Console" owner="BuiltIn">
<arg>⚠️ Update button not enabled. Skipping...</arg>
<doc>Logs the given message to the console.</doc>
<status status="NOT RUN" start="2026-02-22T21:47:16.804464" elapsed="0.000623"/>
</kw>
<kw name="Return From Keyword" owner="BuiltIn">
<doc>Returns from the enclosing user keyword.</doc>
<status status="NOT RUN" start="2026-02-22T21:47:16.805087" elapsed="0.000000"/>
</kw>
<status status="NOT RUN" start="2026-02-22T21:47:16.801985" elapsed="0.003102"/>
</branch>
<status status="PASS" start="2026-02-22T21:47:16.801985" elapsed="0.003102"/>
</if>
<kw name="Click Element" owner="SeleniumLibrary">
<msg time="2026-02-22T21:47:16.805087" level="INFO">Clicking element 'xpath=//*[@id="content"]/form/div/table/tbody/tr/td[4]/div/div/button[1]'.</msg>
<arg>${UPDATE_BTN}</arg>
<doc>Click the element identified by ``locator``.</doc>
<status status="PASS" start="2026-02-22T21:47:16.805087" elapsed="1.773434"/>
</kw>
<kw name="Run Keyword And Return Status" owner="BuiltIn">
<kw name="Page Should Contain" owner="SeleniumLibrary">
<msg time="2026-02-22T21:47:18.603131" level="INFO">Current page contains text 'Success: You have modified your shopping cart'.</msg>
<arg>Success: You have modified your shopping cart</arg>
<doc>Verifies that current page contains ``text``.</doc>
<status status="PASS" start="2026-02-22T21:47:18.580029" elapsed="0.023102"/>
</kw>
<msg time="2026-02-22T21:47:18.603131" level="INFO">${update_msg} = True</msg>
<var>${update_msg}</var>
<arg>Page Should Contain</arg>
<arg>Success: You have modified your shopping cart</arg>
<doc>Runs the specified keyword and returns the status as a Boolean value.</doc>
<status status="PASS" start="2026-02-22T21:47:18.580029" elapsed="0.023102"/>
</kw>
<if>
<branch type="IF" condition="${update_msg}">
<kw name="Log To Console" owner="BuiltIn">
<arg>✅ Quantity Updated Successfully</arg>
<doc>Logs the given message to the console.</doc>
<status status="PASS" start="2026-02-22T21:47:18.603131" elapsed="0.002192"/>
</kw>
<status status="PASS" start="2026-02-22T21:47:18.603131" elapsed="0.002408"/>
</branch>
<branch type="ELSE">
<kw name="Log To Console" owner="BuiltIn">
<arg>⚠️ Update message not displayed, continuing...</arg>
<doc>Logs the given message to the console.</doc>
<status status="NOT RUN" start="2026-02-22T21:47:18.605539" elapsed="0.000000"/>
</kw>
<status status="NOT RUN" start="2026-02-22T21:47:18.605539" elapsed="0.000000"/>
</branch>
<status status="PASS" start="2026-02-22T21:47:18.603131" elapsed="0.002408"/>
</if>
<kw name="Run Keyword And Return Status" owner="BuiltIn">
<kw name="Element Should Be Enabled" owner="SeleniumLibrary">
<arg>${REMOVE_BTN}</arg>
<doc>Verifies that element identified by ``locator`` is enabled.</doc>
<status status="PASS" start="2026-02-22T21:47:18.606226" elapsed="0.041942"/>
</kw>
<msg time="2026-02-22T21:47:18.649167" level="INFO">${remove_enabled} = True</msg>
<var>${remove_enabled}</var>
<arg>Element Should Be Enabled</arg>
<arg>${REMOVE_BTN}</arg>
<doc>Runs the specified keyword and returns the status as a Boolean value.</doc>
<status status="PASS" start="2026-02-22T21:47:18.606226" elapsed="0.042941"/>
</kw>
<if>
<branch type="IF" condition="not ${remove_enabled}">
<kw name="Log To Console" owner="BuiltIn">
<arg>⚠️ Remove button not enabled. Skipping...</arg>
<doc>Logs the given message to the console.</doc>
<status status="NOT RUN" start="2026-02-22T21:47:18.650167" elapsed="0.000000"/>
</kw>
<kw name="Return From Keyword" owner="BuiltIn">
<doc>Returns from the enclosing user keyword.</doc>
<status status="NOT RUN" start="2026-02-22T21:47:18.650167" elapsed="0.000000"/>
</kw>
<status status="NOT RUN" start="2026-02-22T21:47:18.649167" elapsed="0.001000"/>
</branch>
<status status="PASS" start="2026-02-22T21:47:18.649167" elapsed="0.001000"/>
</if>
<kw name="Click Element" owner="SeleniumLibrary">
<msg time="2026-02-22T21:47:18.651171" level="INFO">Clicking element 'xpath=//*[@id="content"]/form/div/table/tbody/tr/td[4]/div/div/button[2]'.</msg>
<arg>${REMOVE_BTN}</arg>
<doc>Click the element identified by ``locator``.</doc>
<status status="PASS" start="2026-02-22T21:47:18.650167" elapsed="0.093692"/>
</kw>
<kw name="Sleep" owner="BuiltIn">
<msg time="2026-02-22T21:47:20.744024" level="INFO">Slept 2 seconds.</msg>
<arg>2s</arg>
<doc>Pauses the test executed for the given time.</doc>
<status status="PASS" start="2026-02-22T21:47:18.743859" elapsed="2.000165"/>
</kw>
<kw name="Run Keyword And Return Status" owner="BuiltIn">
<kw name="Wait Until Page Contains" owner="SeleniumLibrary">
<arg>Your shopping cart is empty!</arg>
<arg>5s</arg>
<doc>Waits until ``text`` appears on the current page.</doc>
<status status="PASS" start="2026-02-22T21:47:20.744024" elapsed="0.014660"/>
</kw>
<msg time="2026-02-22T21:47:20.758684" level="INFO">${empty_cart} = True</msg>
<var>${empty_cart}</var>
<arg>Wait Until Page Contains</arg>
<arg>Your shopping cart is empty!</arg>
<arg>5s</arg>
<doc>Runs the specified keyword and returns the status as a Boolean value.</doc>
<status status="PASS" start="2026-02-22T21:47:20.744024" elapsed="0.015661"/>
</kw>
<if>
<branch type="IF" condition="${empty_cart}">
<kw name="Log To Console" owner="BuiltIn">
<arg>✅ Item Removed Successfully and Cart is Empty</arg>
<doc>Logs the given message to the console.</doc>
<status status="PASS" start="2026-02-22T21:47:20.759685" elapsed="0.000000"/>
</kw>
<status status="PASS" start="2026-02-22T21:47:20.759685" elapsed="0.000000"/>
</branch>
<branch type="ELSE">
<kw name="Log To Console" owner="BuiltIn">
<arg>⚠️ Cart empty message not shown.</arg>
<doc>Logs the given message to the console.</doc>
<status status="NOT RUN" start="2026-02-22T21:47:20.760685" elapsed="0.000000"/>
</kw>
<status status="NOT RUN" start="2026-02-22T21:47:20.759685" elapsed="0.001000"/>
</branch>
<status status="PASS" start="2026-02-22T21:47:20.759685" elapsed="0.001000"/>
</if>
<status status="PASS" start="2026-02-22T21:47:06.066603" elapsed="14.694082"/>
</kw>
<kw name="Logout User Successfully" owner="logout_keywords">
<kw name="Wait Until Element Is Visible" owner="SeleniumLibrary">
<arg>${MY_ACCOUNT_MENU}</arg>
<doc>Waits until the element ``locator`` is visible.</doc>
<status status="PASS" start="2026-02-22T21:47:20.760685" elapsed="0.020806"/>
</kw>
<kw name="Click Element" owner="SeleniumLibrary">
<msg time="2026-02-22T21:47:20.781491" level="INFO">Clicking element 'xpath=//a[contains(@href,"route=account/account") and contains(@class,"dropdown-toggle")]'.</msg>
<arg>${MY_ACCOUNT_MENU}</arg>
<doc>Click the element identified by ``locator``.</doc>
<status status="PASS" start="2026-02-22T21:47:20.781491" elapsed="1.060640"/>
</kw>
<kw name="Sleep" owner="BuiltIn">
<msg time="2026-02-22T21:47:22.843623" level="INFO">Slept 1 second.</msg>
<arg>1s</arg>
<doc>Pauses the test executed for the given time.</doc>
<status status="PASS" start="2026-02-22T21:47:21.842131" elapsed="1.001492"/>
</kw>
<kw name="Wait Until Element Is Visible" owner="SeleniumLibrary">
<arg>${LOGOUT_LINK}</arg>
<doc>Waits until the element ``locator`` is visible.</doc>
<status status="PASS" start="2026-02-22T21:47:22.844143" elapsed="0.016817"/>
</kw>
<kw name="Element Should Be Visible" owner="SeleniumLibrary">
<msg time="2026-02-22T21:47:22.871490" level="INFO">Element 'xpath=//a[contains(@href,"route=account/logout") and contains(text(),"Logout")]' is displayed.</msg>
<arg>${LOGOUT_LINK}</arg>
<doc>Verifies that the element identified by ``locator`` is visible.</doc>
<status status="PASS" start="2026-02-22T21:47:22.860960" elapsed="0.010530"/>
</kw>
<kw name="Click Element" owner="SeleniumLibrary">
<msg time="2026-02-22T21:47:22.872507" level="INFO">Clicking element 'xpath=//a[contains(@href,"route=account/logout") and contains(text(),"Logout")]'.</msg>
<arg>${LOGOUT_LINK}</arg>
<doc>Click the element identified by ``locator``.</doc>
<status status="PASS" start="2026-02-22T21:47:22.871490" elapsed="1.421452"/>
</kw>
<kw name="Wait Until Element Is Visible" owner="SeleniumLibrary">
<arg>${LOGOUT_TEXT}</arg>
<doc>Waits until the element ``locator`` is visible.</doc>
<status status="PASS" start="2026-02-22T21:47:24.292942" elapsed="0.024204"/>
</kw>
<kw name="Element Should Be Visible" owner="SeleniumLibrary">
<msg time="2026-02-22T21:47:24.335469" level="INFO">Element 'xpath=//h1[contains(text(),"Account Logout")]' is displayed.</msg>
<arg>${LOGOUT_TEXT}</arg>
<doc>Verifies that the element identified by ``locator`` is visible.</doc>
<status status="PASS" start="2026-02-22T21:47:24.317146" elapsed="0.019356"/>
</kw>
<kw name="Page Should Contain" owner="SeleniumLibrary">
<msg time="2026-02-22T21:47:24.346051" level="INFO">Current page contains text 'Account Logout'.</msg>
<arg>Account Logout</arg>
<doc>Verifies that current page contains ``text``.</doc>
<status status="PASS" start="2026-02-22T21:47:24.336502" elapsed="0.009549"/>
</kw>
<kw name="Location Should Contain" owner="SeleniumLibrary">
<msg time="2026-02-22T21:47:24.349756" level="INFO">Current location contains 'route=account/logout'.</msg>
<arg>route=account/logout</arg>
<doc>Verifies that the current URL contains ``expected``.</doc>
<status status="PASS" start="2026-02-22T21:47:24.346051" elapsed="0.003705"/>
</kw>
<kw name="Log To Console" owner="BuiltIn">
<arg>Logout Completed Successfully</arg>
<doc>Logs the given message to the console.</doc>
<status status="PASS" start="2026-02-22T21:47:24.349756" elapsed="0.001001"/>
</kw>
<status status="PASS" start="2026-02-22T21:47:20.760685" elapsed="3.590072"/>
</kw>
<arg>firstname=Abhi</arg>
<arg>lastname=Ram</arg>
<arg>phone=9876543210</arg>
<arg>password=Abhi@123</arg>
<arg>product=HP</arg>
<status status="PASS" start="2026-02-22T21:45:20.895047" elapsed="123.455710"/>
</kw>
<kw name="Capture Screenshot On Failure" owner="common" type="TEARDOWN">
<kw name="Run Keyword If Test Failed" owner="BuiltIn">
<arg>Capture Page Screenshot</arg>
<doc>Runs the given keyword with the given arguments, if the test failed.</doc>
<status status="PASS" start="2026-02-22T21:47:24.352280" elapsed="0.000000"/>
</kw>
<status status="PASS" start="2026-02-22T21:47:24.351270" elapsed="0.001010"/>
</kw>
<status status="PASS" start="2026-02-22T21:45:20.887384" elapsed="123.466474"/>
</test>
<test id="s1-s1-t2" name="end to end test for user- mohan rupesh" line="25">
<kw name="end to end flow">
<kw name="Register New User" owner="register_keywords">
<kw name="Go To" owner="SeleniumLibrary">
<msg time="2026-02-22T21:47:24.357449" level="INFO">Opening url 'https://ecommerce-playground.lambdatest.io/index.php'</msg>
<arg>${BASE_URL}</arg>
<doc>Navigates the current browser window to the provided ``url``.</doc>
<status status="PASS" start="2026-02-22T21:47:24.357449" elapsed="5.439684"/>
</kw>
<kw name="Title Should Be" owner="SeleniumLibrary">
<msg time="2026-02-22T21:47:29.807477" level="INFO">Page title is 'Your Store'.</msg>
<arg>Your Store</arg>
<doc>Verifies that the current page title equals ``title``.</doc>
<status status="PASS" start="2026-02-22T21:47:29.797133" elapsed="0.010344"/>
</kw>
<kw name="Page Should Contain" owner="SeleniumLibrary">
<msg time="2026-02-22T21:47:29.829981" level="INFO">Current page contains text 'My account'.</msg>
<arg>My account</arg>
<doc>Verifies that current page contains ``text``.</doc>
<status status="PASS" start="2026-02-22T21:47:29.808571" elapsed="0.021410"/>
</kw>
<kw name="Wait Until Element Is Visible" owner="SeleniumLibrary">
<arg>${MY_ACCOUNT_MENU}</arg>
<doc>Waits until the element ``locator`` is visible.</doc>
<status status="PASS" start="2026-02-22T21:47:29.829981" elapsed="0.018887"/>
</kw>
<kw name="Click Element" owner="SeleniumLibrary">
<msg time="2026-02-22T21:47:29.848868" level="INFO">Clicking element 'xpath=//a[contains(@href,"route=account/account") and contains(@class,"dropdown-toggle")]'.</msg>
<arg>${MY_ACCOUNT_MENU}</arg>
<doc>Click the element identified by ``locator``.</doc>
<status status="PASS" start="2026-02-22T21:47:29.848868" elapsed="7.044054"/>
</kw>
<kw name="Sleep" owner="BuiltIn">
<msg time="2026-02-22T21:47:37.894752" level="INFO">Slept 1 second.</msg>
<arg>1s</arg>
<doc>Pauses the test executed for the given time.</doc>
<status status="PASS" start="2026-02-22T21:47:36.893961" elapsed="1.001005"/>
</kw>
<kw name="Wait Until Element Is Visible" owner="SeleniumLibrary">
<arg>${REGISTER_LINK}</arg>
<doc>Waits until the element ``locator`` is visible.</doc>
<status status="PASS" start="2026-02-22T21:47:37.894966" elapsed="0.023159"/>
</kw>
<kw name="Click Element" owner="SeleniumLibrary">
<msg time="2026-02-22T21:47:37.918125" level="INFO">Clicking element 'xpath=//a[contains(@href,"route=account/register") and contains(text(),"Register")]'.</msg>
<arg>${REGISTER_LINK}</arg>
<doc>Click the element identified by ``locator``.</doc>
<status status="PASS" start="2026-02-22T21:47:37.918125" elapsed="0.904613"/>
</kw>
<kw name="Wait Until Page Contains" owner="SeleniumLibrary">
<arg>Register Account</arg>
<doc>Waits until ``text`` appears on the current page.</doc>
<status status="PASS" start="2026-02-22T21:47:38.822738" elapsed="0.018629"/>
</kw>
<kw name="Location Should Contain" owner="SeleniumLibrary">
<msg time="2026-02-22T21:47:38.847815" level="INFO">Current location contains 'route=account/register'.</msg>
<arg>route=account/register</arg>
<doc>Verifies that the current URL contains ``expected``.</doc>
<status status="PASS" start="2026-02-22T21:47:38.841367" elapsed="0.006448"/>
</kw>
<status status="PASS" start="2026-02-22T21:47:24.356358" elapsed="14.491457"/>
</kw>
<kw name="input firstname" owner="register_keywords">
<kw name="Input Text" owner="SeleniumLibrary">
<msg time="2026-02-22T21:47:38.848859" level="INFO">Typing text 'mohan' into text field 'id=input-firstname'.</msg>
<arg>${FIRSTNAME_INPUT}</arg>
<arg>${firstname}</arg>
<doc>Types the given ``text`` into the text field identified by ``locator``.</doc>
<status status="PASS" start="2026-02-22T21:47:38.848859" elapsed="0.097485"/>
</kw>
<arg>${firstname}</arg>
<status status="PASS" start="2026-02-22T21:47:38.847815" elapsed="0.098529"/>
</kw>
<kw name="input lastname" owner="register_keywords">
<kw name="Input Text" owner="SeleniumLibrary">
<msg time="2026-02-22T21:47:38.947341" level="INFO">Typing text 'rupesh' into text field 'id=input-lastname'.</msg>
<arg>${LASTNAME_INPUT}</arg>
<arg>${lastname}</arg>
<doc>Types the given ``text`` into the text field identified by ``locator``.</doc>
<status status="PASS" start="2026-02-22T21:47:38.947341" elapsed="0.114529"/>
</kw>
<arg>${lastname}</arg>
<status status="PASS" start="2026-02-22T21:47:38.947341" elapsed="0.114529"/>
</kw>
<kw name="input email" owner="register_keywords">
<kw name="Generate Unique Email" owner="email_generator">
<kw name="Generate Random String" owner="String">
<msg time="2026-02-22T21:47:39.062872" level="INFO">${random} = 3128</msg>
<var>${random}</var>
<arg>4</arg>
<arg>0123456789</arg>
<doc>Generates a string with a desired ``length`` from the given ``chars``.</doc>
<status status="PASS" start="2026-02-22T21:47:39.062872" elapsed="0.000000"/>
</kw>
<kw name="Set Variable" owner="BuiltIn">
<msg time="2026-02-22T21:47:39.063845" level="INFO">${email} = test_user_3128@gmail.com</msg>
<var>${email}</var>
<arg>test_user_${random}@gmail.com</arg>
<doc>Returns the given values which can then be assigned to a variables.</doc>
<status status="PASS" start="2026-02-22T21:47:39.063845" elapsed="0.000000"/>
</kw>
<kw name="Set Suite Variable" owner="BuiltIn">
<msg time="2026-02-22T21:47:39.064872" level="INFO">${EMAIL} = test_user_3128@gmail.com</msg>
<arg>${EMAIL}</arg>
<arg>${email}</arg>
<doc>Makes a variable available everywhere within the scope of the current suite.</doc>
<status status="PASS" start="2026-02-22T21:47:39.063845" elapsed="0.001103"/>
</kw>
<kw name="Log To Console" owner="BuiltIn">
<arg>Dynamic Email Generated: ${EMAIL}</arg>
<doc>Logs the given message to the console.</doc>
<status status="PASS" start="2026-02-22T21:47:39.064948" elapsed="0.000000"/>
</kw>
<status status="PASS" start="2026-02-22T21:47:39.062872" elapsed="0.002076"/>
</kw>
<kw name="Log To Console" owner="BuiltIn">
<arg>Registering with Email: ${EMAIL}</arg>
<doc>Logs the given message to the console.</doc>
<status status="PASS" start="2026-02-22T21:47:39.064948" elapsed="0.001024"/>
</kw>
<kw name="Input Text" owner="SeleniumLibrary">
<msg time="2026-02-22T21:47:39.065972" level="INFO">Typing text 'test_user_3128@gmail.com' into text field 'id=input-email'.</msg>
<arg>${EMAIL_INPUT}</arg>
<arg>${EMAIL}</arg>
<doc>Types the given ``text`` into the text field identified by ``locator``.</doc>
<status status="PASS" start="2026-02-22T21:47:39.065972" elapsed="0.161227"/>
</kw>
<status status="PASS" start="2026-02-22T21:47:39.061870" elapsed="0.166330"/>
</kw>
<kw name="input phone" owner="register_keywords">
<kw name="Input Text" owner="SeleniumLibrary">
<msg time="2026-02-22T21:47:39.229713" level="INFO">Typing text '9123456789' into text field 'id=input-telephone'.</msg>
<arg>${PHONE_INPUT}</arg>
<arg>${phone}</arg>
<doc>Types the given ``text`` into the text field identified by ``locator``.</doc>
<status status="PASS" start="2026-02-22T21:47:39.228200" elapsed="0.112548"/>
</kw>
<arg>${phone}</arg>
<status status="PASS" start="2026-02-22T21:47:39.228200" elapsed="0.112548"/>
</kw>
<kw name="input password" owner="register_keywords">
<kw name="Input Text" owner="SeleniumLibrary">
<msg time="2026-02-22T21:47:39.341748" level="INFO">Typing text 'Rupesh@123' into text field 'id=input-password'.</msg>
<arg>${PASSWORD_INPUT}</arg>
<arg>${password}</arg>
<doc>Types the given ``text`` into the text field identified by ``locator``.</doc>
<status status="PASS" start="2026-02-22T21:47:39.341748" elapsed="0.105189"/>
</kw>
<kw name="Input Text" owner="SeleniumLibrary">
<msg time="2026-02-22T21:47:39.446937" level="INFO">Typing text 'Rupesh@123' into text field 'id=input-confirm'.</msg>
<arg>${CONFIRM_INPUT}</arg>
<arg>${password}</arg>
<doc>Types the given ``text`` into the text field identified by ``locator``.</doc>
<status status="PASS" start="2026-02-22T21:47:39.446937" elapsed="0.098118"/>
</kw>
<kw name="Textfield Value Should Be" owner="SeleniumLibrary">
<msg time="2026-02-22T21:47:39.577716" level="INFO">Content of text field 'id=input-confirm' is 'Rupesh@123'.</msg>
<arg>${CONFIRM_INPUT}</arg>
<arg>${password}</arg>
<doc>Verifies text field ``locator`` has exactly text ``expected``.</doc>
<status status="PASS" start="2026-02-22T21:47:39.545962" elapsed="0.031754"/>
</kw>
<arg>${password}</arg>
<status status="PASS" start="2026-02-22T21:47:39.341748" elapsed="0.235968"/>
</kw>
<kw name="click agree" owner="register_keywords">
<kw name="Click Element" owner="SeleniumLibrary">
<msg time="2026-02-22T21:47:39.578680" level="INFO">Clicking element 'xpath=//label[@for="input-agree"]'.</msg>
<arg>${AGREE_LABEL}</arg>
<doc>Click the element identified by ``locator``.</doc>
<status status="PASS" start="2026-02-22T21:47:39.578680" elapsed="0.099771"/>
</kw>
<kw name="Checkbox Should Be Selected" owner="SeleniumLibrary">
<msg time="2026-02-22T21:47:39.679452" level="INFO">Verifying checkbox 'id=input-agree' is selected.</msg>
<arg>id=input-agree</arg>
<doc>Verifies checkbox ``locator`` is selected/checked.</doc>
<status status="PASS" start="2026-02-22T21:47:39.679452" elapsed="0.036597"/>
</kw>
<status status="PASS" start="2026-02-22T21:47:39.577716" elapsed="0.138333"/>
</kw>
<kw name="click continue" owner="register_keywords">
<kw name="Scroll Element Into View" owner="SeleniumLibrary">
<arg>${CONTINUE_BUTTON}</arg>
<doc>Scrolls the element identified by ``locator`` into view.</doc>
<status status="PASS" start="2026-02-22T21:47:39.718077" elapsed="0.296739"/>
</kw>
<kw name="Click Button" owner="SeleniumLibrary">
<msg time="2026-02-22T21:47:40.014816" level="INFO">Clicking button 'css=input.btn.btn-primary[type="submit"][value="Continue"]'.</msg>
<arg>${CONTINUE_BUTTON}</arg>
<doc>Clicks the button identified by ``locator``.</doc>
<status status="PASS" start="2026-02-22T21:47:40.014816" elapsed="0.058212"/>
</kw>
<kw name="Wait Until Element Is Visible" owner="SeleniumLibrary">
<arg>${SUCCESS_TEXT}</arg>
<doc>Waits until the element ``locator`` is visible.</doc>
<status status="PASS" start="2026-02-22T21:47:40.073028" elapsed="1.638461"/>
</kw>
<kw name="Page Should Contain" owner="SeleniumLibrary">
<msg time="2026-02-22T21:47:41.731969" level="INFO">Current page contains text 'Your Account Has Been Created'.</msg>
<arg>Your Account Has Been Created</arg>
<doc>Verifies that current page contains ``text``.</doc>
<status status="PASS" start="2026-02-22T21:47:41.711489" elapsed="0.020480"/>
</kw>
<kw name="Log To Console" owner="BuiltIn">
<arg>Registration Completed Successfully for ${firstname}</arg>
<doc>Logs the given message to the console.</doc>
<status status="PASS" start="2026-02-22T21:47:41.731969" elapsed="0.001482"/>
</kw>
<status status="PASS" start="2026-02-22T21:47:39.717059" elapsed="2.016392"/>
</kw>
<kw name="click logout" owner="register_keywords">
<kw name="Logout User Successfully" owner="logout_keywords">
<kw name="Wait Until Element Is Visible" owner="SeleniumLibrary">
<arg>${MY_ACCOUNT_MENU}</arg>
<doc>Waits until the element ``locator`` is visible.</doc>
<status status="PASS" start="2026-02-22T21:47:41.735988" elapsed="0.024343"/>
</kw>
<kw name="Click Element" owner="SeleniumLibrary">
<msg time="2026-02-22T21:47:41.760331" level="INFO">Clicking element 'xpath=//a[contains(@href,"route=account/account") and contains(@class,"dropdown-toggle")]'.</msg>
<arg>${MY_ACCOUNT_MENU}</arg>
<doc>Click the element identified by ``locator``.</doc>
<status status="PASS" start="2026-02-22T21:47:41.760331" elapsed="1.275937"/>
</kw>
<kw name="Sleep" owner="BuiltIn">
<msg time="2026-02-22T21:47:44.036433" level="INFO">Slept 1 second.</msg>
<arg>1s</arg>
<doc>Pauses the test executed for the given time.</doc>
<status status="PASS" start="2026-02-22T21:47:43.036268" elapsed="1.000165"/>
</kw>
<kw name="Wait Until Element Is Visible" owner="SeleniumLibrary">
<arg>${LOGOUT_LINK}</arg>
<doc>Waits until the element ``locator`` is visible.</doc>
<status status="PASS" start="2026-02-22T21:47:44.036956" elapsed="0.014698"/>
</kw>
<kw name="Element Should Be Visible" owner="SeleniumLibrary">
<msg time="2026-02-22T21:47:44.062831" level="INFO">Element 'xpath=//a[contains(@href,"route=account/logout") and contains(text(),"Logout")]' is displayed.</msg>
<arg>${LOGOUT_LINK}</arg>
<doc>Verifies that the element identified by ``locator`` is visible.</doc>
<status status="PASS" start="2026-02-22T21:47:44.051654" elapsed="0.011177"/>
</kw>
<kw name="Click Element" owner="SeleniumLibrary">
<msg time="2026-02-22T21:47:44.063360" level="INFO">Clicking element 'xpath=//a[contains(@href,"route=account/logout") and contains(text(),"Logout")]'.</msg>
<arg>${LOGOUT_LINK}</arg>
<doc>Click the element identified by ``locator``.</doc>
<status status="PASS" start="2026-02-22T21:47:44.063360" elapsed="1.489494"/>
</kw>
<kw name="Wait Until Element Is Visible" owner="SeleniumLibrary">
<arg>${LOGOUT_TEXT}</arg>
<doc>Waits until the element ``locator`` is visible.</doc>
<status status="PASS" start="2026-02-22T21:47:45.552854" elapsed="0.022315"/>
</kw>
<kw name="Element Should Be Visible" owner="SeleniumLibrary">
<msg time="2026-02-22T21:47:45.599850" level="INFO">Element 'xpath=//h1[contains(text(),"Account Logout")]' is displayed.</msg>
<arg>${LOGOUT_TEXT}</arg>
<doc>Verifies that the element identified by ``locator`` is visible.</doc>
<status status="PASS" start="2026-02-22T21:47:45.576170" elapsed="0.023680"/>
</kw>
<kw name="Page Should Contain" owner="SeleniumLibrary">
<msg time="2026-02-22T21:47:45.618689" level="INFO">Current page contains text 'Account Logout'.</msg>
<arg>Account Logout</arg>
<doc>Verifies that current page contains ``text``.</doc>
<status status="PASS" start="2026-02-22T21:47:45.600849" elapsed="0.017840"/>
</kw>
<kw name="Location Should Contain" owner="SeleniumLibrary">
<msg time="2026-02-22T21:47:45.625231" level="INFO">Current location contains 'route=account/logout'.</msg>
<arg>route=account/logout</arg>
<doc>Verifies that the current URL contains ``expected``.</doc>
<status status="PASS" start="2026-02-22T21:47:45.618689" elapsed="0.006542"/>
</kw>
<kw name="Log To Console" owner="BuiltIn">
<arg>Logout Completed Successfully</arg>
<doc>Logs the given message to the console.</doc>
<status status="PASS" start="2026-02-22T21:47:45.625231" elapsed="0.001000"/>
</kw>
<status status="PASS" start="2026-02-22T21:47:41.735988" elapsed="3.890243"/>
</kw>
<status status="PASS" start="2026-02-22T21:47:41.734969" elapsed="3.891262"/>
</kw>
<kw name="Login User Successfully" owner="login_keywords">
<kw name="Go To" owner="SeleniumLibrary">
<msg time="2026-02-22T21:47:45.628235" level="INFO">Opening url 'https://ecommerce-playground.lambdatest.io/index.php'</msg>
<arg>${BASE_URL}</arg>
<doc>Navigates the current browser window to the provided ``url``.</doc>
<status status="PASS" start="2026-02-22T21:47:45.628235" elapsed="2.396779"/>
</kw>
<kw name="Page Should Contain" owner="SeleniumLibrary">
<msg time="2026-02-22T21:47:48.053644" level="INFO">Current page contains text 'My account'.</msg>
<arg>My account</arg>
<doc>Verifies that current page contains ``text``.</doc>
<status status="PASS" start="2026-02-22T21:47:48.025014" elapsed="0.028630"/>
</kw>
<kw name="Wait Until Element Is Visible" owner="SeleniumLibrary">
<arg>${MY_ACCOUNT_MENU}</arg>
<doc>Waits until the element ``locator`` is visible.</doc>
<status status="PASS" start="2026-02-22T21:47:48.054663" elapsed="0.021851"/>
</kw>
<kw name="Click Element" owner="SeleniumLibrary">
<msg time="2026-02-22T21:47:48.077518" level="INFO">Clicking element 'xpath=//a[contains(@href,"route=account/account") and contains(@class,"dropdown-toggle")]'.</msg>
<arg>${MY_ACCOUNT_MENU}</arg>
<doc>Click the element identified by ``locator``.</doc>
<status status="PASS" start="2026-02-22T21:47:48.076514" elapsed="1.960665"/>
</kw>
<kw name="Sleep" owner="BuiltIn">
<msg time="2026-02-22T21:47:51.038507" level="INFO">Slept 1 second.</msg>
<arg>1s</arg>
<doc>Pauses the test executed for the given time.</doc>
<status status="PASS" start="2026-02-22T21:47:50.037179" elapsed="1.001328"/>
</kw>
<kw name="Wait Until Element Is Visible" owner="SeleniumLibrary">
<arg>${LOGIN_LINK}</arg>
<doc>Waits until the element ``locator`` is visible.</doc>
<status status="PASS" start="2026-02-22T21:47:51.038507" elapsed="0.021103"/>
</kw>
<kw name="Click Element" owner="SeleniumLibrary">
<msg time="2026-02-22T21:47:51.060622" level="INFO">Clicking element 'xpath=//a[contains(@href,"route=account/login") and contains(text(),"Login")]'.</msg>
<arg>${LOGIN_LINK}</arg>
<doc>Click the element identified by ``locator``.</doc>
<status status="PASS" start="2026-02-22T21:47:51.060622" elapsed="1.896760"/>
</kw>
<kw name="Wait Until Page Contains" owner="SeleniumLibrary">
<arg>Account Login</arg>
<doc>Waits until ``text`` appears on the current page.</doc>
<status status="PASS" start="2026-02-22T21:47:52.958383" elapsed="0.023241"/>
</kw>
<kw name="Location Should Contain" owner="SeleniumLibrary">
<msg time="2026-02-22T21:47:52.993326" level="INFO">Current location contains 'route=account/login'.</msg>
<arg>route=account/login</arg>
<doc>Verifies that the current URL contains ``expected``.</doc>
<status status="PASS" start="2026-02-22T21:47:52.983700" elapsed="0.009626"/>
</kw>
<kw name="Log To Console" owner="BuiltIn">
<arg>Logging in with Email: ${EMAIL}</arg>
<doc>Logs the given message to the console.</doc>
<status status="PASS" start="2026-02-22T21:47:52.993326" elapsed="0.001027"/>
</kw>
<kw name="Input Text" owner="SeleniumLibrary">
<msg time="2026-02-22T21:47:52.994859" level="INFO">Typing text 'test_user_3128@gmail.com' into text field 'id=input-email'.</msg>
<arg>${EMAIL_INPUT}</arg>
<arg>${EMAIL}</arg>
<doc>Types the given ``text`` into the text field identified by ``locator``.</doc>
<status status="PASS" start="2026-02-22T21:47:52.994353" elapsed="0.162274"/>
</kw>
<kw name="Input Text" owner="SeleniumLibrary">
<msg time="2026-02-22T21:47:53.159645" level="INFO">Typing text 'Rupesh@123' into text field 'id=input-password'.</msg>
<arg>${PASSWORD_INPUT}</arg>
<arg>${password}</arg>
<doc>Types the given ``text`` into the text field identified by ``locator``.</doc>
<status status="PASS" start="2026-02-22T21:47:53.157642" elapsed="0.104109"/>
</kw>
<kw name="Click Button" owner="SeleniumLibrary">
<msg time="2026-02-22T21:47:53.262276" level="INFO">Clicking button 'css=input.btn.btn-primary[value="Login"]'.</msg>
<arg>${LOGIN_BUTTON}</arg>
<doc>Clicks the button identified by ``locator``.</doc>
<status status="PASS" start="2026-02-22T21:47:53.261751" elapsed="2.391842"/>
</kw>
<kw name="Wait Until Page Contains" owner="SeleniumLibrary">
<arg>My Account</arg>
<doc>Waits until ``text`` appears on the current page.</doc>
<status status="PASS" start="2026-02-22T21:47:55.653593" elapsed="0.022492"/>
</kw>
<kw name="Wait Until Element Is Visible" owner="SeleniumLibrary">
<arg>${MY_ACCOUNT_HEADING}</arg>
<doc>Waits until the element ``locator`` is visible.</doc>
<status status="PASS" start="2026-02-22T21:47:55.677171" elapsed="0.025588"/>
</kw>
<kw name="Page Should Contain" owner="SeleniumLibrary">
<msg time="2026-02-22T21:47:55.712869" level="INFO">Current page contains text 'My Account'.</msg>
<arg>My Account</arg>
<doc>Verifies that current page contains ``text``.</doc>
<status status="PASS" start="2026-02-22T21:47:55.702759" elapsed="0.010623"/>
</kw>
<kw name="Location Should Contain" owner="SeleniumLibrary">
<msg time="2026-02-22T21:47:55.724352" level="INFO">Current location contains 'route=account/account'.</msg>
<arg>route=account/account</arg>
<doc>Verifies that the current URL contains ``expected``.</doc>
<status status="PASS" start="2026-02-22T21:47:55.713382" elapsed="0.011479"/>
</kw>
<kw name="Log To Console" owner="BuiltIn">
<arg>Login Successful After Logout</arg>
<doc>Logs the given message to the console.</doc>
<status status="PASS" start="2026-02-22T21:47:55.724861" elapsed="0.001097"/>
</kw>
<arg>${password}</arg>
<status status="PASS" start="2026-02-22T21:47:45.627232" elapsed="10.098726"/>
</kw>
<kw name="Search Products" owner="search_keywords">
<kw name="Go To" owner="SeleniumLibrary">
<msg time="2026-02-22T21:47:55.726955" level="INFO">Opening url 'https://ecommerce-playground.lambdatest.io/index.php'</msg>
<arg>${BASE_URL}</arg>
<doc>Navigates the current browser window to the provided ``url``.</doc>
<status status="PASS" start="2026-02-22T21:47:55.725958" elapsed="2.317620"/>
</kw>
<kw name="Location Should Contain" owner="SeleniumLibrary">
<msg time="2026-02-22T21:47:58.054502" level="INFO">Current location contains 'index.php'.</msg>
<arg>index.php</arg>
<doc>Verifies that the current URL contains ``expected``.</doc>
<status status="PASS" start="2026-02-22T21:47:58.044086" elapsed="0.010416"/>
</kw>
<kw name="Page Should Contain" owner="SeleniumLibrary">
<msg time="2026-02-22T21:47:58.084454" level="INFO">Current page contains text 'Search'.</msg>
<arg>Search</arg>
<doc>Verifies that current page contains ``text``.</doc>
<status status="PASS" start="2026-02-22T21:47:58.056024" elapsed="0.028430"/>
</kw>
<kw name="Wait Until Element Is Visible" owner="SeleniumLibrary">
<arg>${SEARCH_BOX}</arg>
<doc>Waits until the element ``locator`` is visible.</doc>
<status status="PASS" start="2026-02-22T21:47:58.084971" elapsed="0.019577"/>
</kw>
<kw name="Element Should Be Visible" owner="SeleniumLibrary">
<msg time="2026-02-22T21:47:58.117621" level="INFO">Element 'name=search' is displayed.</msg>
<arg>${SEARCH_BOX}</arg>
<doc>Verifies that the element identified by ``locator`` is visible.</doc>
<status status="PASS" start="2026-02-22T21:47:58.104548" elapsed="0.013073"/>
</kw>
<kw name="Element Should Be Enabled" owner="SeleniumLibrary">
<arg>${SEARCH_BOX}</arg>
<doc>Verifies that element identified by ``locator`` is enabled.</doc>
<status status="PASS" start="2026-02-22T21:47:58.118654" elapsed="0.019809"/>
</kw>
<status status="PASS" start="2026-02-22T21:47:55.725958" elapsed="2.412505"/>
</kw>
<kw name="input search" owner="search_keywords">
<kw name="Clear Element Text" owner="SeleniumLibrary">
<arg>${SEARCH_BOX}</arg>
<doc>Clears the value of the text-input-element identified by ``locator``.</doc>
<status status="PASS" start="2026-02-22T21:47:58.139477" elapsed="0.038448"/>
</kw>
<kw name="Input Text" owner="SeleniumLibrary">
<msg time="2026-02-22T21:47:58.179512" level="INFO">Typing text 'nikon d300' into text field 'name=search'.</msg>
<arg>${SEARCH_BOX}</arg>
<arg>${product}</arg>
<doc>Types the given ``text`` into the text field identified by ``locator``.</doc>
<status status="PASS" start="2026-02-22T21:47:58.179512" elapsed="0.085997"/>
</kw>
<kw name="Textfield Value Should Be" owner="SeleniumLibrary">
<msg time="2026-02-22T21:47:58.301484" level="INFO">Content of text field 'name=search' is 'nikon d300'.</msg>
<arg>${SEARCH_BOX}</arg>
<arg>${product}</arg>
<doc>Verifies text field ``locator`` has exactly text ``expected``.</doc>
<status status="PASS" start="2026-02-22T21:47:58.266529" elapsed="0.034955"/>
</kw>
<arg>${product}</arg>
<status status="PASS" start="2026-02-22T21:47:58.139477" elapsed="0.162007"/>
</kw>
<kw name="input enter" owner="search_keywords">
<kw name="Press Keys" owner="SeleniumLibrary">
<msg time="2026-02-22T21:47:58.302509" level="INFO">Sending key(s) ('ENTER',) to name=search element.</msg>
<msg time="2026-02-22T21:47:58.588995" level="INFO">Pressing special key ENTER to element.</msg>
<msg time="2026-02-22T21:47:58.588995" level="INFO">Releasing special key ENTER.</msg>
<arg>${SEARCH_BOX}</arg>
<arg>ENTER</arg>
<doc>Simulates the user pressing key(s) to an element or on the active browser.</doc>
<status status="PASS" start="2026-02-22T21:47:58.302509" elapsed="1.944435"/>
</kw>
<kw name="Sleep" owner="BuiltIn">
<msg time="2026-02-22T21:48:03.248313" level="INFO">Slept 3 seconds.</msg>
<arg>3s</arg>
<doc>Pauses the test executed for the given time.</doc>
<status status="PASS" start="2026-02-22T21:48:00.246944" elapsed="3.001369"/>
</kw>
<status status="PASS" start="2026-02-22T21:47:58.301484" elapsed="4.946829"/>
</kw>
<kw name="validation" owner="search_keywords">
<kw name="Wait Until Page Contains" owner="SeleniumLibrary">
<arg>Search</arg>
<doc>Waits until ``text`` appears on the current page.</doc>
<status status="PASS" start="2026-02-22T21:48:03.249331" elapsed="0.012452"/>
</kw>
<kw name="Page Should Contain Element" owner="SeleniumLibrary">
<msg time="2026-02-22T21:48:03.277153" level="INFO">Current page contains element 'xpath=(//div[contains(@class,"product-thumb")]//h4/a)[1]'.</msg>
<arg>${FIRST_PRODUCT}</arg>
<doc>Verifies that element ``locator`` is found on the current page.</doc>
<status status="PASS" start="2026-02-22T21:48:03.262805" elapsed="0.014348"/>
</kw>
<kw name="Page Should Contain" owner="SeleniumLibrary">
<msg time="2026-02-22T21:48:03.302710" level="INFO">Current page contains text 'HP'.</msg>
<arg>${PRODUCT_NAME}</arg>
<doc>Verifies that current page contains ``text``.</doc>
<status status="PASS" start="2026-02-22T21:48:03.277153" elapsed="0.025557"/>
</kw>
<kw name="Log To Console" owner="BuiltIn">
<arg>Product Search Completed Successfully!</arg>
<doc>Logs the given message to the console.</doc>
<status status="PASS" start="2026-02-22T21:48:03.303247" elapsed="0.001011"/>
</kw>
<status status="PASS" start="2026-02-22T21:48:03.248313" elapsed="0.056188"/>
</kw>
<kw name="Open First Product Details" owner="product_keywords">
<kw name="Wait Until Element Is Visible" owner="SeleniumLibrary">
<arg>${FIRST_PRODUCT}</arg>
<doc>Waits until the element ``locator`` is visible.</doc>
<status status="PASS" start="2026-02-22T21:48:03.304501" elapsed="0.031903"/>
</kw>
<kw name="Element Should Be Visible" owner="SeleniumLibrary">
<msg time="2026-02-22T21:48:03.364999" level="INFO">Element 'xpath=(//div[contains(@class,"product-thumb")]//h4/a)[1]' is displayed.</msg>
<arg>${FIRST_PRODUCT}</arg>
<doc>Verifies that the element identified by ``locator`` is visible.</doc>
<status status="PASS" start="2026-02-22T21:48:03.336862" elapsed="0.028137"/>
</kw>
<kw name="Element Should Be Enabled" owner="SeleniumLibrary">
<arg>${FIRST_PRODUCT}</arg>
<doc>Verifies that element identified by ``locator`` is enabled.</doc>
<status status="PASS" start="2026-02-22T21:48:03.366001" elapsed="0.028849"/>
</kw>
<kw name="Click Element" owner="SeleniumLibrary">
<msg time="2026-02-22T21:48:03.395862" level="INFO">Clicking element 'xpath=(//div[contains(@class,"product-thumb")]//h4/a)[1]'.</msg>
<arg>${FIRST_PRODUCT}</arg>
<doc>Click the element identified by ``locator``.</doc>
[...]
<status status="PASS" start="2026-02-22T21:50:14.763044" elapsed="0.035549"/>
</kw>
<status status="PASS" start="2026-02-22T21:50:14.701709" elapsed="0.096884"/>
</kw>
<kw name="click continue" owner="register_keywords">
<kw name="Scroll Element Into View" owner="SeleniumLibrary">
<arg>${CONTINUE_BUTTON}</arg>
<doc>Scrolls the element identified by ``locator`` into view.</doc>
<status status="PASS" start="2026-02-22T21:50:14.799527" elapsed="0.282884"/>
</kw>
<kw name="Click Button" owner="SeleniumLibrary">
<msg time="2026-02-22T21:50:15.082917" level="INFO">Clicking button 'css=input.btn.btn-primary[type="submit"][value="Continue"]'.</msg>
<arg>${CONTINUE_BUTTON}</arg>
<doc>Clicks the button identified by ``locator``.</doc>
<status status="PASS" start="2026-02-22T21:50:15.082411" elapsed="0.059078"/>
</kw>
<kw name="Wait Until Element Is Visible" owner="SeleniumLibrary">
<arg>${SUCCESS_TEXT}</arg>
<doc>Waits until the element ``locator`` is visible.</doc>
<status status="PASS" start="2026-02-22T21:50:15.142524" elapsed="1.768065"/>
</kw>
<kw name="Page Should Contain" owner="SeleniumLibrary">
<msg time="2026-02-22T21:50:16.926004" level="INFO">Current page contains text 'Your Account Has Been Created'.</msg>
<arg>Your Account Has Been Created</arg>
<doc>Verifies that current page contains ``text``.</doc>
<status status="PASS" start="2026-02-22T21:50:16.911606" elapsed="0.014398"/>
</kw>
<kw name="Log To Console" owner="BuiltIn">
<arg>Registration Completed Successfully for ${firstname}</arg>
<doc>Logs the given message to the console.</doc>
<status status="PASS" start="2026-02-22T21:50:16.926004" elapsed="0.000000"/>
</kw>
<status status="PASS" start="2026-02-22T21:50:14.799527" elapsed="2.127986"/>
</kw>
<kw name="click logout" owner="register_keywords">
<kw name="Logout User Successfully" owner="logout_keywords">
<kw name="Wait Until Element Is Visible" owner="SeleniumLibrary">
<arg>${MY_ACCOUNT_MENU}</arg>
<doc>Waits until the element ``locator`` is visible.</doc>
<status status="PASS" start="2026-02-22T21:50:16.927513" elapsed="0.025063"/>
</kw>
<kw name="Click Element" owner="SeleniumLibrary">
<msg time="2026-02-22T21:50:16.952576" level="INFO">Clicking element 'xpath=//a[contains(@href,"route=account/account") and contains(@class,"dropdown-toggle")]'.</msg>
<arg>${MY_ACCOUNT_MENU}</arg>
<doc>Click the element identified by ``locator``.</doc>
<status status="PASS" start="2026-02-22T21:50:16.952576" elapsed="1.145145"/>
</kw>
<kw name="Sleep" owner="BuiltIn">
<msg time="2026-02-22T21:50:19.101177" level="INFO">Slept 1 second.</msg>
<arg>1s</arg>
<doc>Pauses the test executed for the given time.</doc>
<status status="PASS" start="2026-02-22T21:50:18.098727" elapsed="1.002450"/>
</kw>
<kw name="Wait Until Element Is Visible" owner="SeleniumLibrary">
<arg>${LOGOUT_LINK}</arg>
<doc>Waits until the element ``locator`` is visible.</doc>
<status status="PASS" start="2026-02-22T21:50:19.101177" elapsed="0.019365"/>
</kw>
<kw name="Element Should Be Visible" owner="SeleniumLibrary">
<msg time="2026-02-22T21:50:19.134320" level="INFO">Element 'xpath=//a[contains(@href,"route=account/logout") and contains(text(),"Logout")]' is displayed.</msg>
<arg>${LOGOUT_LINK}</arg>
<doc>Verifies that the element identified by ``locator`` is visible.</doc>
<status status="PASS" start="2026-02-22T21:50:19.120542" elapsed="0.013778"/>
</kw>
<kw name="Click Element" owner="SeleniumLibrary">
<msg time="2026-02-22T21:50:19.135330" level="INFO">Clicking element 'xpath=//a[contains(@href,"route=account/logout") and contains(text(),"Logout")]'.</msg>
<arg>${LOGOUT_LINK}</arg>
<doc>Click the element identified by ``locator``.</doc>
<status status="PASS" start="2026-02-22T21:50:19.135330" elapsed="1.499689"/>
</kw>
<kw name="Wait Until Element Is Visible" owner="SeleniumLibrary">
<arg>${LOGOUT_TEXT}</arg>
<doc>Waits until the element ``locator`` is visible.</doc>
<status status="PASS" start="2026-02-22T21:50:20.635019" elapsed="0.029322"/>
</kw>
<kw name="Element Should Be Visible" owner="SeleniumLibrary">
<msg time="2026-02-22T21:50:20.680871" level="INFO">Element 'xpath=//h1[contains(text(),"Account Logout")]' is displayed.</msg>
<arg>${LOGOUT_TEXT}</arg>
<doc>Verifies that the element identified by ``locator`` is visible.</doc>
<status status="PASS" start="2026-02-22T21:50:20.665343" elapsed="0.015528"/>
</kw>
<kw name="Page Should Contain" owner="SeleniumLibrary">
<msg time="2026-02-22T21:50:20.695090" level="INFO">Current page contains text 'Account Logout'.</msg>
<arg>Account Logout</arg>
<doc>Verifies that current page contains ``text``.</doc>
<status status="PASS" start="2026-02-22T21:50:20.680871" elapsed="0.015212"/>
</kw>
<kw name="Location Should Contain" owner="SeleniumLibrary">
<msg time="2026-02-22T21:50:20.704126" level="INFO">Current location contains 'route=account/logout'.</msg>
<arg>route=account/logout</arg>
<doc>Verifies that the current URL contains ``expected``.</doc>
<status status="PASS" start="2026-02-22T21:50:20.696083" elapsed="0.008043"/>
</kw>
<kw name="Log To Console" owner="BuiltIn">
<arg>Logout Completed Successfully</arg>
<doc>Logs the given message to the console.</doc>
<status status="PASS" start="2026-02-22T21:50:20.704126" elapsed="0.001008"/>
</kw>
<status status="PASS" start="2026-02-22T21:50:16.927513" elapsed="3.777621"/>
</kw>
<status status="PASS" start="2026-02-22T21:50:16.927513" elapsed="3.777621"/>
</kw>
<kw name="Login User Successfully" owner="login_keywords">
<kw name="Go To" owner="SeleniumLibrary">
<msg time="2026-02-22T21:50:20.705134" level="INFO">Opening url 'https://ecommerce-playground.lambdatest.io/index.php'</msg>
<arg>${BASE_URL}</arg>
<doc>Navigates the current browser window to the provided ``url``.</doc>
<status status="PASS" start="2026-02-22T21:50:20.705134" elapsed="2.485546"/>
</kw>
<kw name="Page Should Contain" owner="SeleniumLibrary">
<msg time="2026-02-22T21:50:23.225977" level="INFO">Current page contains text 'My account'.</msg>
<arg>My account</arg>
<doc>Verifies that current page contains ``text``.</doc>
<status status="PASS" start="2026-02-22T21:50:23.191191" elapsed="0.034786"/>
</kw>
<kw name="Wait Until Element Is Visible" owner="SeleniumLibrary">
<arg>${MY_ACCOUNT_MENU}</arg>
<doc>Waits until the element ``locator`` is visible.</doc>
<status status="PASS" start="2026-02-22T21:50:23.225977" elapsed="0.021102"/>
</kw>
<kw name="Click Element" owner="SeleniumLibrary">
<msg time="2026-02-22T21:50:23.248591" level="INFO">Clicking element 'xpath=//a[contains(@href,"route=account/account") and contains(@class,"dropdown-toggle")]'.</msg>
<arg>${MY_ACCOUNT_MENU}</arg>
<doc>Click the element identified by ``locator``.</doc>
<status status="PASS" start="2026-02-22T21:50:23.247079" elapsed="1.493501"/>
</kw>
<kw name="Sleep" owner="BuiltIn">
<msg time="2026-02-22T21:50:25.741689" level="INFO">Slept 1 second.</msg>
<arg>1s</arg>
<doc>Pauses the test executed for the given time.</doc>
<status status="PASS" start="2026-02-22T21:50:24.740580" elapsed="1.001109"/>
</kw>
<kw name="Wait Until Element Is Visible" owner="SeleniumLibrary">
<arg>${LOGIN_LINK}</arg>
<doc>Waits until the element ``locator`` is visible.</doc>
<status status="PASS" start="2026-02-22T21:50:25.742199" elapsed="0.017535"/>
</kw>
<kw name="Click Element" owner="SeleniumLibrary">
<msg time="2026-02-22T21:50:25.759734" level="INFO">Clicking element 'xpath=//a[contains(@href,"route=account/login") and contains(text(),"Login")]'.</msg>
<arg>${LOGIN_LINK}</arg>
<doc>Click the element identified by ``locator``.</doc>
<status status="PASS" start="2026-02-22T21:50:25.759734" elapsed="1.337284"/>
</kw>
<kw name="Wait Until Page Contains" owner="SeleniumLibrary">
<arg>Account Login</arg>
<doc>Waits until ``text`` appears on the current page.</doc>
<status status="PASS" start="2026-02-22T21:50:27.097018" elapsed="0.019207"/>
</kw>
<kw name="Location Should Contain" owner="SeleniumLibrary">
<msg time="2026-02-22T21:50:27.123772" level="INFO">Current location contains 'route=account/login'.</msg>
<arg>route=account/login</arg>
<doc>Verifies that the current URL contains ``expected``.</doc>
<status status="PASS" start="2026-02-22T21:50:27.116225" elapsed="0.007547"/>
</kw>
<kw name="Log To Console" owner="BuiltIn">
<arg>Logging in with Email: ${EMAIL}</arg>
<doc>Logs the given message to the console.</doc>
<status status="PASS" start="2026-02-22T21:50:27.123772" elapsed="0.001019"/>
</kw>
<kw name="Input Text" owner="SeleniumLibrary">
<msg time="2026-02-22T21:50:27.124791" level="INFO">Typing text 'test_user_0182@gmail.com' into text field 'id=input-email'.</msg>
<arg>${EMAIL_INPUT}</arg>
<arg>${EMAIL}</arg>
<doc>Types the given ``text`` into the text field identified by ``locator``.</doc>
<status status="PASS" start="2026-02-22T21:50:27.124791" elapsed="0.178104"/>
</kw>
<kw name="Input Text" owner="SeleniumLibrary">
<msg time="2026-02-22T21:50:27.305429" level="INFO">Typing text 'Thanu@123' into text field 'id=input-password'.</msg>
<arg>${PASSWORD_INPUT}</arg>
<arg>${password}</arg>
<doc>Types the given ``text`` into the text field identified by ``locator``.</doc>
<status status="PASS" start="2026-02-22T21:50:27.304412" elapsed="0.097888"/>
</kw>
<kw name="Click Button" owner="SeleniumLibrary">
<msg time="2026-02-22T21:50:27.402300" level="INFO">Clicking button 'css=input.btn.btn-primary[value="Login"]'.</msg>
<arg>${LOGIN_BUTTON}</arg>
<doc>Clicks the button identified by ``locator``.</doc>
<status status="PASS" start="2026-02-22T21:50:27.402300" elapsed="0.072869"/>
</kw>
<kw name="Wait Until Page Contains" owner="SeleniumLibrary">
<arg>My Account</arg>
<doc>Waits until ``text`` appears on the current page.</doc>
<status status="PASS" start="2026-02-22T21:50:27.475169" elapsed="2.203631"/>
</kw>
<kw name="Wait Until Element Is Visible" owner="SeleniumLibrary">
<arg>${MY_ACCOUNT_HEADING}</arg>
<doc>Waits until the element ``locator`` is visible.</doc>
<status status="PASS" start="2026-02-22T21:50:29.678800" elapsed="0.024787"/>
</kw>
<kw name="Page Should Contain" owner="SeleniumLibrary">
<msg time="2026-02-22T21:50:29.717285" level="INFO">Current page contains text 'My Account'.</msg>
<arg>My Account</arg>
<doc>Verifies that current page contains ``text``.</doc>
<status status="PASS" start="2026-02-22T21:50:29.703587" elapsed="0.014699"/>
</kw>
<kw name="Location Should Contain" owner="SeleniumLibrary">
<msg time="2026-02-22T21:50:29.722355" level="INFO">Current location contains 'route=account/account'.</msg>
<arg>route=account/account</arg>
<doc>Verifies that the current URL contains ``expected``.</doc>
<status status="PASS" start="2026-02-22T21:50:29.718286" elapsed="0.004069"/>
</kw>
<kw name="Log To Console" owner="BuiltIn">
<arg>Login Successful After Logout</arg>
<doc>Logs the given message to the console.</doc>
<status status="PASS" start="2026-02-22T21:50:29.722355" elapsed="0.001007"/>
</kw>
<arg>${password}</arg>
<status status="PASS" start="2026-02-22T21:50:20.705134" elapsed="9.018228"/>
</kw>
<kw name="Search Products" owner="search_keywords">
<kw name="Go To" owner="SeleniumLibrary">
<msg time="2026-02-22T21:50:29.723362" level="INFO">Opening url 'https://ecommerce-playground.lambdatest.io/index.php'</msg>
<arg>${BASE_URL}</arg>
<doc>Navigates the current browser window to the provided ``url``.</doc>
<status status="PASS" start="2026-02-22T21:50:29.723362" elapsed="2.669321"/>
</kw>
<kw name="Location Should Contain" owner="SeleniumLibrary">
<msg time="2026-02-22T21:50:32.420448" level="INFO">Current location contains 'index.php'.</msg>
<arg>index.php</arg>
<doc>Verifies that the current URL contains ``expected``.</doc>
<status status="PASS" start="2026-02-22T21:50:32.393766" elapsed="0.026682"/>
</kw>
<kw name="Page Should Contain" owner="SeleniumLibrary">
<msg time="2026-02-22T21:50:32.440696" level="INFO">Current page contains text 'Search'.</msg>
<arg>Search</arg>
<doc>Verifies that current page contains ``text``.</doc>
<status status="PASS" start="2026-02-22T21:50:32.421038" elapsed="0.019658"/>
</kw>
<kw name="Wait Until Element Is Visible" owner="SeleniumLibrary">
<arg>${SEARCH_BOX}</arg>
<doc>Waits until the element ``locator`` is visible.</doc>
<status status="PASS" start="2026-02-22T21:50:32.441207" elapsed="0.014630"/>
</kw>
<kw name="Element Should Be Visible" owner="SeleniumLibrary">
<msg time="2026-02-22T21:50:32.478693" level="INFO">Element 'name=search' is displayed.</msg>
<arg>${SEARCH_BOX}</arg>
<doc>Verifies that the element identified by ``locator`` is visible.</doc>
<status status="PASS" start="2026-02-22T21:50:32.455837" elapsed="0.023858"/>
</kw>
<kw name="Element Should Be Enabled" owner="SeleniumLibrary">
<arg>${SEARCH_BOX}</arg>
<doc>Verifies that element identified by ``locator`` is enabled.</doc>
<status status="PASS" start="2026-02-22T21:50:32.479695" elapsed="0.020781"/>
</kw>
<status status="PASS" start="2026-02-22T21:50:29.723362" elapsed="2.777114"/>
</kw>
<kw name="input search" owner="search_keywords">
<kw name="Clear Element Text" owner="SeleniumLibrary">
<arg>${SEARCH_BOX}</arg>
<doc>Clears the value of the text-input-element identified by ``locator``.</doc>
<status status="PASS" start="2026-02-22T21:50:32.500991" elapsed="0.026287"/>
</kw>
<kw name="Input Text" owner="SeleniumLibrary">
<msg time="2026-02-22T21:50:32.527278" level="INFO">Typing text 'Redmi' into text field 'name=search'.</msg>
<arg>${SEARCH_BOX}</arg>
<arg>${product}</arg>
<doc>Types the given ``text`` into the text field identified by ``locator``.</doc>
<status status="PASS" start="2026-02-22T21:50:32.527278" elapsed="0.076266"/>
</kw>
<kw name="Textfield Value Should Be" owner="SeleniumLibrary">
<msg time="2026-02-22T21:50:32.647096" level="INFO">Content of text field 'name=search' is 'Redmi'.</msg>
<arg>${SEARCH_BOX}</arg>
<arg>${product}</arg>
<doc>Verifies text field ``locator`` has exactly text ``expected``.</doc>
<status status="PASS" start="2026-02-22T21:50:32.603544" elapsed="0.043552"/>
</kw>
<arg>${product}</arg>
<status status="PASS" start="2026-02-22T21:50:32.500476" elapsed="0.146620"/>
</kw>
<kw name="input enter" owner="search_keywords">
<kw name="Press Keys" owner="SeleniumLibrary">
<msg time="2026-02-22T21:50:32.648098" level="INFO">Sending key(s) ('ENTER',) to name=search element.</msg>
<msg time="2026-02-22T21:50:32.937264" level="INFO">Pressing special key ENTER to element.</msg>
<msg time="2026-02-22T21:50:32.937264" level="INFO">Releasing special key ENTER.</msg>
<arg>${SEARCH_BOX}</arg>
<arg>ENTER</arg>
<doc>Simulates the user pressing key(s) to an element or on the active browser.</doc>
<status status="PASS" start="2026-02-22T21:50:32.647096" elapsed="0.300296"/>
</kw>
<kw name="Sleep" owner="BuiltIn">
<msg time="2026-02-22T21:50:35.947651" level="INFO">Slept 3 seconds.</msg>
<arg>3s</arg>
<doc>Pauses the test executed for the given time.</doc>
<status status="PASS" start="2026-02-22T21:50:32.947392" elapsed="3.000259"/>
</kw>
<status status="PASS" start="2026-02-22T21:50:32.647096" elapsed="3.300555"/>
</kw>
<kw name="validation" owner="search_keywords">
<kw name="Wait Until Page Contains" owner="SeleniumLibrary">
<arg>Search</arg>
<doc>Waits until ``text`` appears on the current page.</doc>
<status status="PASS" start="2026-02-22T21:50:35.948184" elapsed="0.013142"/>
</kw>
<kw name="Page Should Contain Element" owner="SeleniumLibrary">
<msg time="2026-02-22T21:50:36.130357" level="INFO" html="true">&lt;/td&gt;&lt;/tr&gt;&lt;tr&gt;&lt;td colspan="3"&gt;&lt;a href="selenium-screenshot-31.png"&gt;&lt;img src="selenium-screenshot-31.png" width="800px"&gt;&lt;/a&gt;</msg>
<msg time="2026-02-22T21:50:36.130357" level="FAIL">Page should have contained element 'xpath=(//div[contains(@class,"product-thumb")]//h4/a)[1]' but did not.</msg>
<arg>${FIRST_PRODUCT}</arg>
<doc>Verifies that element ``locator`` is found on the current page.</doc>
<status status="FAIL" start="2026-02-22T21:50:35.961326" elapsed="0.170606">Page should have contained element 'xpath=(//div[contains(@class,"product-thumb")]//h4/a)[1]' but did not.</status>
</kw>
<kw name="Page Should Contain" owner="SeleniumLibrary">
<arg>${PRODUCT_NAME}</arg>
<doc>Verifies that current page contains ``text``.</doc>
<status status="NOT RUN" start="2026-02-22T21:50:36.132940" elapsed="0.000000"/>
</kw>
<kw name="Log To Console" owner="BuiltIn">
<arg>Product Search Completed Successfully!</arg>
<doc>Logs the given message to the console.</doc>
<status status="NOT RUN" start="2026-02-22T21:50:36.132940" elapsed="0.000000"/>
</kw>
<status status="FAIL" start="2026-02-22T21:50:35.948184" elapsed="0.184756">Page should have contained element 'xpath=(//div[contains(@class,"product-thumb")]//h4/a)[1]' but did not.</status>
</kw>
<kw name="Open First Product Details" owner="product_keywords">
<status status="NOT RUN" start="2026-02-22T21:50:36.132940" elapsed="0.000000"/>
</kw>
<kw name="Add Product To Cart And Validate Success" owner="cart_keywords">
<status status="NOT RUN" start="2026-02-22T21:50:36.134463" elapsed="0.000000"/>
</kw>
<kw name="Update Cart Quantity And Remove Item" owner="cart_update_remove_keywords">
<status status="NOT RUN" start="2026-02-22T21:50:36.134463" elapsed="0.000000"/>
</kw>
<kw name="Logout User Successfully" owner="logout_keywords">
<status status="NOT RUN" start="2026-02-22T21:50:36.135468" elapsed="0.000000"/>
</kw>
<arg>firstname=Thanmayi</arg>
<arg>lastname=Thanu</arg>
<arg>phone=9988776655</arg>
<arg>password=Thanu@123</arg>
<arg>product=Redmi</arg>
<status status="FAIL" start="2026-02-22T21:50:06.789538" elapsed="29.345930">Page should have contained element 'xpath=(//div[contains(@class,"product-thumb")]//h4/a)[1]' but did not.</status>
</kw>
<kw name="Capture Screenshot On Failure" owner="common" type="TEARDOWN">
<kw name="Run Keyword If Test Failed" owner="BuiltIn">
<kw name="Capture Page Screenshot" owner="SeleniumLibrary">
<msg time="2026-02-22T21:50:36.274316" level="INFO" html="true">&lt;/td&gt;&lt;/tr&gt;&lt;tr&gt;&lt;td colspan="3"&gt;&lt;a href="selenium-screenshot-32.png"&gt;&lt;img src="selenium-screenshot-32.png" width="800px"&gt;&lt;/a&gt;</msg>
<doc>Takes a screenshot of the current page and embeds it into a log file.</doc>
<status status="PASS" start="2026-02-22T21:50:36.136469" elapsed="0.138867"/>
</kw>
<arg>Capture Page Screenshot</arg>
<doc>Runs the given keyword with the given arguments, if the test failed.</doc>
<status status="PASS" start="2026-02-22T21:50:36.136469" elapsed="0.138867"/>
</kw>
<status status="PASS" start="2026-02-22T21:50:36.135468" elapsed="0.139868"/>
</kw>
<status status="FAIL" start="2026-02-22T21:50:06.787543" elapsed="29.487793">Page should have contained element 'xpath=(//div[contains(@class,"product-thumb")]//h4/a)[1]' but did not.</status>
</test>
<kw name="Close Site" owner="common" type="TEARDOWN">
<kw name="Close Browser" owner="SeleniumLibrary">
<doc>Closes the current browser.</doc>
<status status="PASS" start="2026-02-22T21:50:36.277342" elapsed="2.617951"/>
</kw>
<status status="PASS" start="2026-02-22T21:50:36.277342" elapsed="2.618462"/>
</kw>
<status status="FAIL" start="2026-02-22T21:44:45.266431" elapsed="353.629373"/>
</suite>
<status status="FAIL" start="2026-02-22T21:44:45.213842" elapsed="353.682974"/>
</suite>
<statistics>
<total>
<stat pass="5" fail="1" skip="0">All Tests</stat>
</total>
<tag>
</tag>
<suite>
<stat name="Tests" id="s1" pass="5" fail="1" skip="0">Tests</stat>
<stat name="Tc0 Endtoend Users Flow" id="s1-s1" pass="5" fail="1" skip="0">Tests.Tc0 Endtoend Users Flow</stat>
</suite>
</statistics>
<errors>
</errors>
</robot>
